#
# There is insufficient memory for the Java Runtime Environment to continue.
# Native memory allocation (mmap) failed to map 246415360 bytes for committing reserved memory.
# Possible reasons:
#   The system is out of physical RAM or swap space
#   In 32 bit mode, the process size limit was hit
# Possible solutions:
#   Reduce memory load on the system
#   Increase physical memory or swap space
#   Check if swap backing store is full
#   Use 64 bit Java on a 64 bit OS
#   Decrease Java heap size (-Xmx/-Xms)
#   Decrease number of Java threads
#   Decrease Java thread stack sizes (-Xss)
#   Set larger code cache with -XX:ReservedCodeCacheSize=
# This output file may be truncated or incomplete.
#
#  Out of Memory Error (os_linux.cpp:2627), pid=29064, tid=140306508912384
#
# JRE version: Java(TM) SE Runtime Environment (8.0_77-b03) (build 1.8.0_77-b03)
# Java VM: Java HotSpot(TM) 64-Bit Server VM (25.77-b03 mixed mode linux-amd64 compressed oops)
# Failed to write core dump. Core dumps have been disabled. To enable core dumping, try "ulimit -c unlimited" before starting Java again
#

---------------  T H R E A D  ---------------

Current thread (0x00007f9bc4077800):  VMThread [stack: 0x00007f9ba78f9000,0x00007f9ba79fa000] [id=29071]

Stack: [0x00007f9ba78f9000,0x00007f9ba79fa000],  sp=0x00007f9ba79f8120,  free space=1020k
Native frames: (J=compiled Java code, j=interpreted, Vv=VM code, C=native code)
V  [libjvm.so+0xaba7ea]  VMError::report_and_die()+0x2ba
V  [libjvm.so+0x4f9e3b]  report_vm_out_of_memory(char const*, int, unsigned long, VMErrorType, char const*)+0x8b
V  [libjvm.so+0x91b613]  os::Linux::commit_memory_impl(char*, unsigned long, bool)+0x103
V  [libjvm.so+0x91bb69]  os::pd_commit_memory(char*, unsigned long, unsigned long, bool)+0x29
V  [libjvm.so+0x915e6a]  os::commit_memory(char*, unsigned long, unsigned long, bool)+0x2a
V  [libjvm.so+0x989543]  PSVirtualSpace::expand_by(unsigned long)+0x53
V  [libjvm.so+0x98a948]  PSYoungGen::resize_generation(unsigned long, unsigned long)+0xf8
V  [libjvm.so+0x989aa2]  PSYoungGen::resize(unsigned long, unsigned long)+0x22
V  [libjvm.so+0x986d7b]  PSScavenge::invoke_no_policy()+0xf3b
V  [libjvm.so+0x987501]  PSScavenge::invoke()+0x41
V  [libjvm.so+0x93f300]  ParallelScavengeHeap::failed_mem_allocate(unsigned long)+0x70
V  [libjvm.so+0xabc207]  VM_ParallelGCFailedAllocation::doit()+0x97
V  [libjvm.so+0xac3c35]  VM_Operation::evaluate()+0x55
V  [libjvm.so+0xac200a]  VMThread::evaluate_operation(VM_Operation*)+0xba
V  [libjvm.so+0xac238e]  VMThread::loop()+0x1ce
V  [libjvm.so+0xac2800]  VMThread::run()+0x70
V  [libjvm.so+0x91d9d8]  java_start(Thread*)+0x108

VM_Operation (0x00007f9bcc3cfc00): ParallelGCFailedAllocation, mode: safepoint, requested by thread 0x00007f9bc400a000


---------------  P R O C E S S  ---------------

Java Threads: ( => current thread )
  0x00007f9bc40c1000 JavaThread "Service Thread" daemon [_thread_blocked, id=29078, stack(0x00007f9ba6f19000,0x00007f9ba701a000)]
  0x00007f9bc40be000 JavaThread "C1 CompilerThread2" daemon [_thread_blocked, id=29077, stack(0x00007f9ba701a000,0x00007f9ba711b000)]
  0x00007f9bc40bc000 JavaThread "C2 CompilerThread1" daemon [_thread_blocked, id=29076, stack(0x00007f9ba711b000,0x00007f9ba721c000)]
  0x00007f9bc40b9000 JavaThread "C2 CompilerThread0" daemon [_thread_in_native, id=29075, stack(0x00007f9ba721c000,0x00007f9ba731d000)]
  0x00007f9bc40b7800 JavaThread "Signal Dispatcher" daemon [_thread_blocked, id=29074, stack(0x00007f9ba731d000,0x00007f9ba741e000)]
  0x00007f9bc4084000 JavaThread "Finalizer" daemon [_thread_blocked, id=29073, stack(0x00007f9ba76f7000,0x00007f9ba77f8000)]
  0x00007f9bc407f800 JavaThread "Reference Handler" daemon [_thread_blocked, id=29072, stack(0x00007f9ba77f8000,0x00007f9ba78f9000)]
  0x00007f9bc400a000 JavaThread "main" [_thread_blocked, id=29066, stack(0x00007f9bcc2d3000,0x00007f9bcc3d4000)]

Other Threads:
=>0x00007f9bc4077800 VMThread [stack: 0x00007f9ba78f9000,0x00007f9ba79fa000] [id=29071]
  0x00007f9bc40c3800 WatcherThread [stack: 0x00007f9ba6e18000,0x00007f9ba6f19000] [id=29079]

VM state:at safepoint (normal execution)

VM Mutex/Monitor currently owned by a thread:  ([mutex/lock_event])
[0x00007f9bc40061c0] Threads_lock - owner thread: 0x00007f9bc4077800
[0x00007f9bc40066c0] Heap_lock - owner thread: 0x00007f9bc400a000

Heap:
 PSYoungGen      total 266752K, used 14329K [0x00000000d7180000, 0x00000000e8580000, 0x0000000100000000)
  eden space 252416K, 0% used [0x00000000d7180000,0x00000000d7180000,0x00000000e6800000)
  from space 14336K, 99% used [0x00000000e6800000,0x00000000e75fe7e0,0x00000000e7600000)
  to   space 12800K, 0% used [0x00000000e7600000,0x00000000e7600000,0x00000000e8280000)
 ParOldGen       total 64512K, used 33239K [0x0000000085400000, 0x0000000089300000, 0x00000000d7180000)
  object space 64512K, 51% used [0x0000000085400000,0x0000000087475df8,0x0000000089300000)
 Metaspace       used 23121K, capacity 23912K, committed 24192K, reserved 1071104K
  class space    used 2660K, capacity 2838K, committed 2944K, reserved 1048576K

Card table byte_map: [0x00007f9bc8cb7000,0x00007f9bc908e000] byte_map_base: 0x00007f9bc888d000

Marking Bits: (ParMarkBitMap*) 0x00007f9bcb7aa100
 Begin Bits: [0x00007f9bac2a0000, 0x00007f9bae150000)
 End Bits:   [0x00007f9bae150000, 0x00007f9bb0000000)

Polling page: 0x00007f9bcc3f7000

CodeCache: size=245760Kb used=16905Kb max_used=16906Kb free=228854Kb
 bounds [0x00007f9bb5000000, 0x00007f9bb60a0000, 0x00007f9bc4000000]
 total_blobs=4822 nmethods=4441 adapters=293
 compilation: enabled

Compilation events (10 events):
Event: 86,726 Thread 0x00007f9bc40be000 4954       2       java.lang.reflect.Proxy$KeyFactory::apply (66 bytes)
Event: 86,726 Thread 0x00007f9bc40be000 nmethod 4954 0x00007f9bb603b0d0 code [0x00007f9bb603b280, 0x00007f9bb603b638]
Event: 86,726 Thread 0x00007f9bc40be000 4955       2       java.lang.reflect.Proxy$Key1::<init> (14 bytes)
Event: 86,727 Thread 0x00007f9bc40be000 nmethod 4955 0x00007f9bb603acd0 code [0x00007f9bb603ae40, 0x00007f9bb603b008]
Event: 86,727 Thread 0x00007f9bc40be000 4956       2       java.lang.reflect.Proxy::<init> (15 bytes)
Event: 86,727 Thread 0x00007f9bc40be000 nmethod 4956 0x00007f9bb603a850 code [0x00007f9bb603a9c0, 0x00007f9bb603abe8]
Event: 86,761 Thread 0x00007f9bc40be000 4957       2       lombok.javac.HandlerLibrary$VisitorContainer::getPriority (5 bytes)
Event: 86,762 Thread 0x00007f9bc40be000 nmethod 4957 0x00007f9bb603a510 code [0x00007f9bb603a660, 0x00007f9bb603a7b0]
Event: 86,762 Thread 0x00007f9bc40be000 4958       2       lombok.javac.JavacASTAdapter::<init> (5 bytes)
Event: 86,762 Thread 0x00007f9bc40be000 nmethod 4958 0x00007f9bb603a1d0 code [0x00007f9bb603a320, 0x00007f9bb603a470]

GC Heap History (10 events):
Event: 17,057 GC heap after
Heap after GC invocations=3 (full 0):
 PSYoungGen      total 68608K, used 5104K [0x00000000d7180000, 0x00000000df780000, 0x0000000100000000)
  eden space 63488K, 0% used [0x00000000d7180000,0x00000000d7180000,0x00000000daf80000)
  from space 5120K, 99% used [0x00000000daf80000,0x00000000db47c010,0x00000000db480000)
  to   space 5120K, 0% used [0x00000000df280000,0x00000000df280000,0x00000000df780000)
 ParOldGen       total 84992K, used 3811K [0x0000000085400000, 0x000000008a700000, 0x00000000d7180000)
  object space 84992K, 4% used [0x0000000085400000,0x00000000857b8ff0,0x000000008a700000)
 Metaspace       used 13499K, capacity 13902K, committed 14080K, reserved 1060864K
  class space    used 1632K, capacity 1767K, committed 1792K, reserved 1048576K
}
Event: 33,383 GC heap before
{Heap before GC invocations=4 (full 0):
 PSYoungGen      total 68608K, used 68592K [0x00000000d7180000, 0x00000000df780000, 0x0000000100000000)
  eden space 63488K, 100% used [0x00000000d7180000,0x00000000daf80000,0x00000000daf80000)
  from space 5120K, 99% used [0x00000000daf80000,0x00000000db47c010,0x00000000db480000)
  to   space 5120K, 0% used [0x00000000df280000,0x00000000df280000,0x00000000df780000)
 ParOldGen       total 84992K, used 3811K [0x0000000085400000, 0x000000008a700000, 0x00000000d7180000)
  object space 84992K, 4% used [0x0000000085400000,0x00000000857b8ff0,0x000000008a700000)
 Metaspace       used 14009K, capacity 14438K, committed 14592K, reserved 1062912K
  class space    used 1649K, capacity 1771K, committed 1792K, reserved 1048576K
Event: 33,437 GC heap after
Heap after GC invocations=4 (full 0):
 PSYoungGen      total 132096K, used 5120K [0x00000000d7180000, 0x00000000df780000, 0x0000000100000000)
  eden space 126976K, 0% used [0x00000000d7180000,0x00000000d7180000,0x00000000ded80000)
  from space 5120K, 100% used [0x00000000df280000,0x00000000df780000,0x00000000df780000)
  to   space 5120K, 0% used [0x00000000ded80000,0x00000000ded80000,0x00000000df280000)
 ParOldGen       total 84992K, used 6549K [0x0000000085400000, 0x000000008a700000, 0x00000000d7180000)
  object space 84992K, 7% used [0x0000000085400000,0x0000000085a65748,0x000000008a700000)
 Metaspace       used 14009K, capacity 14438K, committed 14592K, reserved 1062912K
  class space    used 1649K, capacity 1771K, committed 1792K, reserved 1048576K
}
Event: 73,727 GC heap before
{Heap before GC invocations=5 (full 0):
 PSYoungGen      total 132096K, used 132096K [0x00000000d7180000, 0x00000000df780000, 0x0000000100000000)
  eden space 126976K, 100% used [0x00000000d7180000,0x00000000ded80000,0x00000000ded80000)
  from space 5120K, 100% used [0x00000000df280000,0x00000000df780000,0x00000000df780000)
  to   space 5120K, 0% used [0x00000000ded80000,0x00000000ded80000,0x00000000df280000)
 ParOldGen       total 84992K, used 6549K [0x0000000085400000, 0x000000008a700000, 0x00000000d7180000)
  object space 84992K, 7% used [0x0000000085400000,0x0000000085a65748,0x000000008a700000)
 Metaspace       used 17808K, capacity 18456K, committed 18688K, reserved 1064960K
  class space    used 2080K, capacity 2260K, committed 2304K, reserved 1048576K
Event: 73,759 GC heap after
Heap after GC invocations=5 (full 0):
 PSYoungGen      total 132096K, used 5104K [0x00000000d7180000, 0x00000000e8280000, 0x0000000100000000)
  eden space 126976K, 0% used [0x00000000d7180000,0x00000000d7180000,0x00000000ded80000)
  from space 5120K, 99% used [0x00000000ded80000,0x00000000df27c010,0x00000000df280000)
  to   space 12800K, 0% used [0x00000000e7600000,0x00000000e7600000,0x00000000e8280000)
 ParOldGen       total 84992K, used 13819K [0x0000000085400000, 0x000000008a700000, 0x00000000d7180000)
  object space 84992K, 16% used [0x0000000085400000,0x000000008617ed08,0x000000008a700000)
 Metaspace       used 17808K, capacity 18456K, committed 18688K, reserved 1064960K
  class space    used 2080K, capacity 2260K, committed 2304K, reserved 1048576K
}
Event: 74,674 GC heap before
{Heap before GC invocations=6 (full 0):
 PSYoungGen      total 132096K, used 57835K [0x00000000d7180000, 0x00000000e8280000, 0x0000000100000000)
  eden space 126976K, 41% used [0x00000000d7180000,0x00000000da4fed50,0x00000000ded80000)
  from space 5120K, 99% used [0x00000000ded80000,0x00000000df27c010,0x00000000df280000)
  to   space 12800K, 0% used [0x00000000e7600000,0x00000000e7600000,0x00000000e8280000)
 ParOldGen       total 84992K, used 13819K [0x0000000085400000, 0x000000008a700000, 0x00000000d7180000)
  object space 84992K, 16% used [0x0000000085400000,0x000000008617ed08,0x000000008a700000)
 Metaspace       used 20534K, capacity 21144K, committed 21296K, reserved 1069056K
  class space    used 2441K, capacity 2644K, committed 2688K, reserved 1048576K
Event: 74,717 GC heap after
Heap after GC invocations=6 (full 0):
 PSYoungGen      total 265216K, used 11225K [0x00000000d7180000, 0x00000000e8580000, 0x0000000100000000)
  eden space 252416K, 0% used [0x00000000d7180000,0x00000000d7180000,0x00000000e6800000)
  from space 12800K, 87% used [0x00000000e7600000,0x00000000e80f64d8,0x00000000e8280000)
  to   space 14336K, 0% used [0x00000000e6800000,0x00000000e6800000,0x00000000e7600000)
 ParOldGen       total 84992K, used 13827K [0x0000000085400000, 0x000000008a700000, 0x00000000d7180000)
  object space 84992K, 16% used [0x0000000085400000,0x0000000086180d08,0x000000008a700000)
 Metaspace       used 20534K, capacity 21144K, committed 21296K, reserved 1069056K
  class space    used 2441K, capacity 2644K, committed 2688K, reserved 1048576K
}
Event: 74,717 GC heap before
{Heap before GC invocations=7 (full 1):
 PSYoungGen      total 265216K, used 11225K [0x00000000d7180000, 0x00000000e8580000, 0x0000000100000000)
  eden space 252416K, 0% used [0x00000000d7180000,0x00000000d7180000,0x00000000e6800000)
  from space 12800K, 87% used [0x00000000e7600000,0x00000000e80f64d8,0x00000000e8280000)
  to   space 14336K, 0% used [0x00000000e6800000,0x00000000e6800000,0x00000000e7600000)
 ParOldGen       total 84992K, used 13827K [0x0000000085400000, 0x000000008a700000, 0x00000000d7180000)
  object space 84992K, 16% used [0x0000000085400000,0x0000000086180d08,0x000000008a700000)
 Metaspace       used 20534K, capacity 21144K, committed 21296K, reserved 1069056K
  class space    used 2441K, capacity 2644K, committed 2688K, reserved 1048576K
Event: 74,854 GC heap after
Heap after GC invocations=7 (full 1):
 PSYoungGen      total 265216K, used 0K [0x00000000d7180000, 0x00000000e8580000, 0x0000000100000000)
  eden space 252416K, 0% used [0x00000000d7180000,0x00000000d7180000,0x00000000e6800000)
  from space 12800K, 0% used [0x00000000e7600000,0x00000000e7600000,0x00000000e8280000)
  to   space 14336K, 0% used [0x00000000e6800000,0x00000000e6800000,0x00000000e7600000)
 ParOldGen       total 64512K, used 22220K [0x0000000085400000, 0x0000000089300000, 0x00000000d7180000)
  object space 64512K, 34% used [0x0000000085400000,0x00000000869b30c0,0x0000000089300000)
 Metaspace       used 20534K, capacity 21144K, committed 21296K, reserved 1069056K
  class space    used 2441K, capacity 2644K, committed 2688K, reserved 1048576K
}
Event: 86,764 GC heap before
{Heap before GC invocations=8 (full 1):
 PSYoungGen      total 265216K, used 252416K [0x00000000d7180000, 0x00000000e8580000, 0x0000000100000000)
  eden space 252416K, 100% used [0x00000000d7180000,0x00000000e6800000,0x00000000e6800000)
  from space 12800K, 0% used [0x00000000e7600000,0x00000000e7600000,0x00000000e8280000)
  to   space 14336K, 0% used [0x00000000e6800000,0x00000000e6800000,0x00000000e7600000)
 ParOldGen       total 64512K, used 22220K [0x0000000085400000, 0x0000000089300000, 0x00000000d7180000)
  object space 64512K, 34% used [0x0000000085400000,0x00000000869b30c0,0x0000000089300000)
 Metaspace       used 23121K, capacity 23912K, committed 24192K, reserved 1071104K
  class space    used 2660K, capacity 2838K, committed 2944K, reserved 1048576K

Deoptimization events (10 events):
Event: 85,419 Thread 0x00007f9bc400a000 Uncommon trap: reason=unstable_if action=reinterpret pc=0x00007f9bb5837c0c method=java.util.regex.Pattern.range(Ljava/util/regex/Pattern$BitClass;)Ljava/util/regex/Pattern$CharProperty; @ 108
Event: 85,422 Thread 0x00007f9bc400a000 Uncommon trap: reason=bimorphic action=maybe_recompile pc=0x00007f9bb54a0858 method=java.util.regex.Pattern$5.isSatisfiedBy(I)Z @ 5
Event: 85,422 Thread 0x00007f9bc400a000 Uncommon trap: reason=bimorphic action=maybe_recompile pc=0x00007f9bb54a0840 method=java.util.regex.Pattern$5.isSatisfiedBy(I)Z @ 5
Event: 85,422 Thread 0x00007f9bc400a000 Uncommon trap: reason=bimorphic action=maybe_recompile pc=0x00007f9bb54a0840 method=java.util.regex.Pattern$5.isSatisfiedBy(I)Z @ 5
Event: 85,422 Thread 0x00007f9bc400a000 Uncommon trap: reason=bimorphic action=maybe_recompile pc=0x00007f9bb54a0840 method=java.util.regex.Pattern$5.isSatisfiedBy(I)Z @ 5
Event: 85,525 Thread 0x00007f9bc400a000 Uncommon trap: reason=unstable_if action=reinterpret pc=0x00007f9bb5154894 method=java.lang.Integer.valueOf(I)Ljava/lang/Integer; @ 3
Event: 85,563 Thread 0x00007f9bc400a000 Uncommon trap: reason=unstable_if action=reinterpret pc=0x00007f9bb57214e4 method=java.util.regex.Pattern.compile()V @ 320
Event: 85,569 Thread 0x00007f9bc400a000 Uncommon trap: reason=unstable_if action=reinterpret pc=0x00007f9bb54a2450 method=java.lang.reflect.Field.get(Ljava/lang/Object;)Ljava/lang/Object; @ 4
Event: 85,810 Thread 0x00007f9bc400a000 Uncommon trap: reason=unstable_if action=reinterpret pc=0x00007f9bb56aaf2c method=java.util.regex.Pattern.bitsOrSingle(Ljava/util/regex/Pattern$BitClass;I)Ljava/util/regex/Pattern$CharProperty; @ 12
Event: 85,968 Thread 0x00007f9bc400a000 Uncommon trap: reason=bimorphic action=maybe_recompile pc=0x00007f9bb5596a54 method=java.util.regex.Pattern$CharProperty.match(Ljava/util/regex/Matcher;ILjava/lang/CharSequence;)Z @ 37

Internal exceptions (10 events):
Event: 74,390 Thread 0x00007f9bc400a000 Exception <a 'java/security/PrivilegedActionException'> (0x00000000da2ccf88) thrown at [/HUDSON/workspace/8-2-build-linux-amd64/jdk8u77/6540/hotspot/src/share/vm/prims/jvm.cpp, line 1386]
Event: 74,390 Thread 0x00007f9bc400a000 Exception <a 'java/security/PrivilegedActionException'> (0x00000000da2cd380) thrown at [/HUDSON/workspace/8-2-build-linux-amd64/jdk8u77/6540/hotspot/src/share/vm/prims/jvm.cpp, line 1386]
Event: 74,390 Thread 0x00007f9bc400a000 Exception <a 'java/security/PrivilegedActionException'> (0x00000000da2ce390) thrown at [/HUDSON/workspace/8-2-build-linux-amd64/jdk8u77/6540/hotspot/src/share/vm/prims/jvm.cpp, line 1386]
Event: 74,390 Thread 0x00007f9bc400a000 Exception <a 'java/security/PrivilegedActionException'> (0x00000000da2ce788) thrown at [/HUDSON/workspace/8-2-build-linux-amd64/jdk8u77/6540/hotspot/src/share/vm/prims/jvm.cpp, line 1386]
Event: 82,325 Thread 0x00007f9bc400a000 Exception <a 'java/io/FileNotFoundException'> (0x00000000d7e6fb20) thrown at [/HUDSON/workspace/8-2-build-linux-amd64/jdk8u77/6540/hotspot/src/share/vm/prims/jni.cpp, line 709]
Event: 82,329 Thread 0x00007f9bc400a000 Exception <a 'java/io/FileNotFoundException'> (0x00000000d7ea4588) thrown at [/HUDSON/workspace/8-2-build-linux-amd64/jdk8u77/6540/hotspot/src/share/vm/prims/jni.cpp, line 709]
Event: 82,403 Thread 0x00007f9bc400a000 Exception <a 'java/io/FileNotFoundException'> (0x00000000d86de6c8) thrown at [/HUDSON/workspace/8-2-build-linux-amd64/jdk8u77/6540/hotspot/src/share/vm/prims/jni.cpp, line 709]
Event: 82,403 Thread 0x00007f9bc400a000 Exception <a 'java/io/FileNotFoundException'> (0x00000000d86df3b8) thrown at [/HUDSON/workspace/8-2-build-linux-amd64/jdk8u77/6540/hotspot/src/share/vm/prims/jni.cpp, line 709]
Event: 82,404 Thread 0x00007f9bc400a000 Exception <a 'java/io/FileNotFoundException'> (0x00000000d86e00c0) thrown at [/HUDSON/workspace/8-2-build-linux-amd64/jdk8u77/6540/hotspot/src/share/vm/prims/jni.cpp, line 709]
Event: 82,404 Thread 0x00007f9bc400a000 Exception <a 'java/io/FileNotFoundException'> (0x00000000d86ea868) thrown at [/HUDSON/workspace/8-2-build-linux-amd64/jdk8u77/6540/hotspot/src/share/vm/prims/jni.cpp, line 709]

Events (10 events):
Event: 86,740 Thread 0x00007f9bc400a000 DEOPT UNPACKING pc=0x00007f9bb5047633 sp=0x00007f9bcc3cf570 mode 0
Event: 86,744 Thread 0x00007f9bc400a000 DEOPT PACKING pc=0x00007f9bb5face7a sp=0x00007f9bcc3cfa40
Event: 86,744 Thread 0x00007f9bc400a000 DEOPT UNPACKING pc=0x00007f9bb5047633 sp=0x00007f9bcc3cf7b0 mode 0
Event: 86,757 Thread 0x00007f9bc400a000 DEOPT PACKING pc=0x00007f9bb546c3fc sp=0x00007f9bcc3cf8d0
Event: 86,757 Thread 0x00007f9bc400a000 DEOPT UNPACKING pc=0x00007f9bb5047633 sp=0x00007f9bcc3cf6b0 mode 0
Event: 86,760 Thread 0x00007f9bc400a000 DEOPT PACKING pc=0x00007f9bb5face7a sp=0x00007f9bcc3cfb30
Event: 86,760 Thread 0x00007f9bc400a000 DEOPT UNPACKING pc=0x00007f9bb5047633 sp=0x00007f9bcc3cf8a0 mode 0
Event: 86,762 Thread 0x00007f9bc400a000 DEOPT PACKING pc=0x00007f9bb546c3fc sp=0x00007f9bcc3cfc10
Event: 86,762 Thread 0x00007f9bc400a000 DEOPT UNPACKING pc=0x00007f9bb5047633 sp=0x00007f9bcc3cf9f0 mode 0
Event: 86,764 Executing VM operation: ParallelGCFailedAllocation


Dynamic libraries:
00400000-00401000 r-xp 00000000 08:01 3942152                            /usr/lib/jvm/java-8-oracle/bin/java
00600000-00601000 rw-p 00000000 08:01 3942152                            /usr/lib/jvm/java-8-oracle/bin/java
01688000-016a9000 rw-p 00000000 00:00 0                                  [heap]
85400000-89300000 rw-p 00000000 00:00 0 
89300000-d7180000 ---p 00000000 00:00 0 
d7180000-e8580000 rw-p 00000000 00:00 0 
f7080000-100000000 ---p 00000000 00:00 0 
100000000-1002e0000 rw-p 00000000 00:00 0 
1002e0000-140000000 ---p 00000000 00:00 0 
7f9b70000000-7f9b70021000 rw-p 00000000 00:00 0 
7f9b70021000-7f9b74000000 ---p 00000000 00:00 0 
7f9b78000000-7f9b78021000 rw-p 00000000 00:00 0 
7f9b78021000-7f9b7c000000 ---p 00000000 00:00 0 
7f9b7c000000-7f9b7c021000 rw-p 00000000 00:00 0 
7f9b7c021000-7f9b80000000 ---p 00000000 00:00 0 
7f9b80000000-7f9b81a6c000 rw-p 00000000 00:00 0 
7f9b81a6c000-7f9b84000000 ---p 00000000 00:00 0 
7f9b84000000-7f9b84b90000 rw-p 00000000 00:00 0 
7f9b84b90000-7f9b88000000 ---p 00000000 00:00 0 
7f9b88000000-7f9b88021000 rw-p 00000000 00:00 0 
7f9b88021000-7f9b8c000000 ---p 00000000 00:00 0 
7f9b8c000000-7f9b8dcb4000 rw-p 00000000 00:00 0 
7f9b8dcb4000-7f9b90000000 ---p 00000000 00:00 0 
7f9b90000000-7f9b90021000 rw-p 00000000 00:00 0 
7f9b90021000-7f9b94000000 ---p 00000000 00:00 0 
7f9b94000000-7f9b94021000 rw-p 00000000 00:00 0 
7f9b94021000-7f9b98000000 ---p 00000000 00:00 0 
7f9b98000000-7f9b98021000 rw-p 00000000 00:00 0 
7f9b98021000-7f9b9c000000 ---p 00000000 00:00 0 
7f9b9c000000-7f9b9c28c000 rw-p 00000000 00:00 0 
7f9b9c28c000-7f9ba0000000 ---p 00000000 00:00 0 
7f9ba0000000-7f9ba0021000 rw-p 00000000 00:00 0 
7f9ba0021000-7f9ba4000000 ---p 00000000 00:00 0 
7f9ba50a3000-7f9ba5163000 rw-p 00000000 00:00 0 
7f9ba5163000-7f9ba52a3000 ---p 00000000 00:00 0 
7f9ba52a3000-7f9ba52b5000 r--s 00345000 08:01 4196313                    /usr/lib/jvm/java-8-oracle/jre/lib/resources.jar
7f9ba52b5000-7f9ba52be000 r--s 0002d000 08:15 19661057                   /home/cassio/.m2/repository/xml-apis/xml-apis/1.4.01/xml-apis-1.4.01.jar
7f9ba52be000-7f9ba52c6000 r--s 0007a000 08:15 19661236                   /home/cassio/.m2/repository/com/google/zxing/core/2.3.0/core-2.3.0.jar
7f9ba52c6000-7f9ba52ce000 r--s 00065000 08:15 19531470                   /home/cassio/.m2/repository/org/olap4j/olap4j/0.9.7.309-JS-3/olap4j-0.9.7.309-JS-3.jar
7f9ba52ce000-7f9ba52cf000 r--s 00006000 08:15 19661957                   /home/cassio/.m2/repository/jakarta-regexp/jakarta-regexp/1.4/jakarta-regexp-1.4.jar
7f9ba52cf000-7f9ba52d1000 r--s 0000a000 08:15 19399054                   /home/cassio/.m2/repository/org/apache/lucene/lucene-sandbox/4.5.1/lucene-sandbox-4.5.1.jar
7f9ba52d1000-7f9ba52d7000 r--s 0002d000 08:15 19399047                   /home/cassio/.m2/repository/org/apache/lucene/lucene-queries/4.5.1/lucene-queries-4.5.1.jar
7f9ba52d7000-7f9ba52e0000 r--s 00055000 08:15 19399040                   /home/cassio/.m2/repository/org/apache/lucene/lucene-queryparser/4.5.1/lucene-queryparser-4.5.1.jar
7f9ba52e0000-7f9ba52f0000 r--s 00174000 08:15 19399033                   /home/cassio/.m2/repository/org/apache/lucene/lucene-analyzers-common/4.5.1/lucene-analyzers-common-4.5.1.jar
7f9ba52f0000-7f9ba5316000 r--s 0020b000 08:15 19399016                   /home/cassio/.m2/repository/org/apache/lucene/lucene-core/4.5.1/lucene-core-4.5.1.jar
7f9ba5316000-7f9ba5318000 r--s 00007000 08:15 19661461                   /home/cassio/.m2/repository/com/fasterxml/jackson/core/jackson-annotations/2.1.4/jackson-annotations-2.1.4.jar
7f9ba5318000-7f9ba5329000 r--s 000d2000 08:15 19661454                   /home/cassio/.m2/repository/com/fasterxml/jackson/core/jackson-databind/2.1.4/jackson-databind-2.1.4.jar
7f9ba5329000-7f9ba532d000 r--s 0002f000 08:15 19661447                   /home/cassio/.m2/repository/com/fasterxml/jackson/core/jackson-core/2.1.4/jackson-core-2.1.4.jar
7f9ba532d000-7f9ba532e000 r--s 0000c000 08:15 19401107                   /home/cassio/.m2/repository/org/springframework/spring-asm/3.0.6.RELEASE/spring-asm-3.0.6.RELEASE.jar
7f9ba532e000-7f9ba5332000 r--s 00026000 08:15 19401105                   /home/cassio/.m2/repository/org/springframework/spring-expression/3.0.6.RELEASE/spring-expression-3.0.6.RELEASE.jar
7f9ba5332000-7f9ba533b000 r--s 00055000 08:15 19401103                   /home/cassio/.m2/repository/org/springframework/spring-core/3.0.6.RELEASE/spring-core-3.0.6.RELEASE.jar
7f9ba533b000-7f9ba5346000 r--s 0007d000 08:15 19401101                   /home/cassio/.m2/repository/org/springframework/spring-beans/3.0.6.RELEASE/spring-beans-3.0.6.RELEASE.jar
7f9ba5346000-7f9ba5348000 r--s 00000000 08:15 19531685                   /home/cassio/.m2/repository/aopalliance/aopalliance/1.0/aopalliance-1.0.jar
7f9ba5348000-7f9ba5351000 r--s 00046000 08:15 19401099                   /home/cassio/.m2/repository/org/springframework/spring-aop/3.0.6.RELEASE/spring-aop-3.0.6.RELEASE.jar
7f9ba5351000-7f9ba5362000 r--s 00093000 08:15 19401097                   /home/cassio/.m2/repository/org/springframework/spring-context/3.0.6.RELEASE/spring-context-3.0.6.RELEASE.jar
7f9ba5362000-7f9ba5364000 r--s 00004000 08:15 19531885                   /home/cassio/.m2/repository/javax/xml/stream/stax-api/1.0-2/stax-api-1.0-2.jar
7f9ba5364000-7f9ba5366000 r--s 00005000 08:15 19662088                   /home/cassio/.m2/repository/stax/stax-api/1.0.1/stax-api-1.0.1.jar
7f9ba5366000-7f9ba5369000 r--s 00029000 08:15 19662097                   /home/cassio/.m2/repository/stax/stax/1.2.0/stax-1.2.0.jar
7f9ba5369000-7f9ba536a000 r--s 00000000 08:15 19531819                   /home/cassio/.m2/repository/javax/inject/javax.inject/1/javax.inject-1.jar
7f9ba536a000-7f9ba536d000 r--s 0000a000 08:15 19530209                   /home/cassio/.m2/repository/org/codehaus/castor/castor-core/1.3.3/castor-core-1.3.3.jar
7f9ba536d000-7f9ba537e000 r--s 000c5000 08:15 19530200                   /home/cassio/.m2/repository/org/codehaus/castor/castor-xml/1.3.3/castor-xml-1.3.3.jar
7f9ba537e000-7f9ba538d000 r--s 001b0000 08:15 19400170                   /home/cassio/.m2/repository/org/eclipse/jdt/core/compiler/ecj/4.3.1/ecj-4.3.1.jar
7f9ba538d000-7f9ba539d000 r--s 0013f000 08:15 19661941                   /home/cassio/.m2/repository/jfree/jfreechart/1.0.12/jfreechart-1.0.12.jar
7f9ba539d000-7f9ba53a3000 r--s 00046000 08:15 19661934                   /home/cassio/.m2/repository/jfree/jcommon/1.0.15/jcommon-1.0.15.jar
7f9ba53a3000-7f9ba53a7000 r--s 0002b000 08:15 19399737                   /home/cassio/.m2/repository/org/bouncycastle/bcmail-jdk14/1.38/bcmail-jdk14-1.38.jar
7f9ba53a7000-7f9ba53c8000 r--s 0015a000 08:15 19399729                   /home/cassio/.m2/repository/org/bouncycastle/bcprov-jdk14/1.38/bcprov-jdk14-1.38.jar
7f9ba53c8000-7f9ba53c9000 r--s 00005000 08:15 19399722                   /home/cassio/.m2/repository/org/bouncycastle/bctsp-jdk14/1.38/bctsp-jdk14-1.38.jar
7f9ba53c9000-7f9ba53ea000 r--s 0015a000 08:15 19531625                   /home/cassio/.m2/repository/bouncycastle/bcprov-jdk14/138/bcprov-jdk14-138.jar
7f9ba53ea000-7f9ba53ee000 r--s 0002b000 08:15 19531618                   /home/cassio/.m2/repository/bouncycastle/bcmail-jdk14/138/bcmail-jdk14-138.jar
7f9ba53ee000-7f9ba53fb000 r--s 00108000 08:15 19661316                   /home/cassio/.m2/repository/com/lowagie/itext/2.1.7.js2/itext-2.1.7.js2.jar
7f9ba53fb000-7f9ba5401000 r--s 0002b000 08:15 19661012                   /home/cassio/.m2/repository/commons-digester/commons-digester/2.1/commons-digester-2.1.jar
7f9ba5401000-7f9ba545c000 r--s 0049a000 08:15 19532176                   /home/cassio/.m2/repository/net/sf/jasperreports/jasperreports/6.0.4/jasperreports-6.0.4.jar
7f9ba545c000-7f9ba5470000 r--s 0013c000 08:15 27525939                   /home/cassio/.m2/repository/org/projectlombok/lombok/1.16.6/lombok-1.16.6.jar
7f9ba5470000-7f9ba5487000 r--s 00195000 08:15 19400883                   /home/cassio/.m2/repository/org/aspectj/aspectjweaver/1.6.12/aspectjweaver-1.6.12.jar
7f9ba5487000-7f9ba548b000 r--s 00019000 08:15 19400900                   /home/cassio/.m2/repository/org/aspectj/aspectjrt/1.6.12/aspectjrt-1.6.12.jar
7f9ba548b000-7f9ba548d000 r--s 00002000 08:15 19399163                   /home/cassio/.m2/repository/org/apache/shiro/shiro-aspectj/1.2.3/shiro-aspectj-1.2.3.jar
7f9ba548d000-7f9ba5490000 r--s 00020000 08:15 19399152                   /home/cassio/.m2/repository/org/apache/shiro/shiro-web/1.2.3/shiro-web-1.2.3.jar
7f9ba5490000-7f9ba5495000 r--s 00034000 08:15 19660939                   /home/cassio/.m2/repository/commons-beanutils/commons-beanutils/1.8.3/commons-beanutils-1.8.3.jar
7f9ba5495000-7f9ba549e000 r--s 00051000 08:15 19399135                   /home/cassio/.m2/repository/org/apache/shiro/shiro-core/1.2.3/shiro-core-1.2.3.jar
7f9ba549e000-7f9ba54aa000 r--s 00089000 08:15 19399259                   /home/cassio/.m2/repository/org/omnifaces/omnifaces/2.1/omnifaces-2.1.jar
7f9ba54aa000-7f9ba54ac000 r--s 0000e000 08:15 28442952                   /home/cassio/.m2/repository/com/fasterxml/classmate/1.1.0/classmate-1.1.0.jar
7f9ba54ac000-7f9ba54ae000 r--s 0000f000 08:15 28442956                   /home/cassio/.m2/repository/org/jboss/logging/jboss-logging/3.2.1.Final/jboss-logging-3.2.1.Final.jar
7f9ba54ae000-7f9ba54b2000 r--s 0000c000 08:15 19531856                   /home/cassio/.m2/repository/javax/validation/validation-api/1.1.0.Final/validation-api-1.1.0.Final.jar
7f9ba54b2000-7f9ba54c3000 r--s 0009a000 08:15 28442945                   /home/cassio/.m2/repository/org/hibernate/hibernate-validator/5.2.2.Final/hibernate-validator-5.2.2.Final.jar
7f9ba54c3000-7f9ba54c5000 r--s 00007000 08:15 19531838                   /home/cassio/.m2/repository/javax/el/el-api/2.2.1-b04/el-api-2.2.1-b04.jar
7f9ba54c5000-7f9ba54c7000 r--s 00019000 08:15 19530777                   /home/cassio/.m2/repository/org/glassfish/web/el-impl/2.2.1-b05/el-impl-2.2.1-b05.jar
7f9ba54c7000-7f9ba5505000 r--s 0025d000 08:15 19399201                   /home/cassio/.m2/repository/org/apache/xmlbeans/xmlbeans/2.6.0/xmlbeans-2.6.0.jar
7f9ba5505000-7f9ba55bd000 r--s 0049f000 08:15 19399186                   /home/cassio/.m2/repository/org/apache/poi/poi-ooxml-schemas/3.11/poi-ooxml-schemas-3.11.jar
7f9ba55bd000-7f9ba55df000 r--s 001da000 08:15 19399182                   /home/cassio/.m2/repository/org/apache/poi/poi/3.11/poi-3.11.jar
7f9ba55df000-7f9ba55ee000 r--s 00119000 08:15 19399173                   /home/cassio/.m2/repository/org/apache/poi/poi-ooxml/3.11/poi-ooxml-3.11.jar
7f9ba55ee000-7f9ba55ef000 r--s 00007000 08:15 19530352                   /home/cassio/.m2/repository/org/slf4j/slf4j-api/1.7.12/slf4j-api-1.7.12.jar
7f9ba55ef000-7f9ba55f9000 r--s 0007f000 08:15 19531604                   /home/cassio/.m2/repository/org/dbunit/dbunit/2.5.1/dbunit-2.5.1.jar
7f9ba55f9000-7f9ba5607000 r--s 0015a000 08:15 19531594                   /home/cassio/.m2/repository/org/hsqldb/hsqldb/2.3.2/hsqldb-2.3.2.jar
7f9ba5607000-7f9ba5625000 r--s 00110000 08:15 19531576                   /home/cassio/.m2/repository/org/mockito/mockito-all/1.10.19/mockito-all-1.10.19.jar
7f9ba5625000-7f9ba5825000 rw-p 00000000 00:00 0 
7f9ba5825000-7f9ba5836000 r--s 000b9000 08:15 19398690                   /home/cassio/.m2/repository/org/apache/logging/log4j/log4j-core/2.2/log4j-core-2.2.jar
7f9ba5836000-7f9ba5839000 r--s 0001e000 08:15 19398663                   /home/cassio/.m2/repository/org/apache/logging/log4j/log4j-api/2.2/log4j-api-2.2.jar
7f9ba5839000-7f9ba583b000 r--s 0000e000 08:15 19660985                   /home/cassio/.m2/repository/commons-logging/commons-logging/1.2/commons-logging-1.2.jar
7f9ba583b000-7f9ba5842000 r--s 0003a000 08:15 19661878                   /home/cassio/.m2/repository/commons-codec/commons-codec/1.9/commons-codec-1.9.jar
7f9ba5842000-7f9ba5848000 r--s 00039000 08:15 19531553                   /home/cassio/.m2/repository/org/yaml/snakeyaml/1.8/snakeyaml-1.8.jar
7f9ba5848000-7f9ba5849000 r--s 00000000 08:15 19532082                   /home/cassio/.m2/repository/net/jcip/jcip-annotations/1.0/jcip-annotations-1.0.jar
7f9ba5849000-7f9ba5851000 r--s 000af000 08:15 19530616                   /home/cassio/.m2/repository/org/seleniumhq/selenium/jetty-rc-repacked/5/jetty-rc-repacked-5.jar
7f9ba5851000-7f9ba585f000 r--s 000eb000 08:15 19530607                   /home/cassio/.m2/repository/org/seleniumhq/selenium/jetty-repacked/7.6.1/jetty-repacked-7.6.1.jar
7f9ba585f000-7f9ba5862000 r--s 0001e000 08:15 19531481                   /home/cassio/.m2/repository/org/mortbay/jetty/servlet-api-2.5/6.1.9/servlet-api-2.5-6.1.9.jar
7f9ba5862000-7f9ba586d000 r--s 0006f000 08:15 19661839                   /home/cassio/.m2/repository/mx4j/mx4j-tools/3.0.1/mx4j-tools-3.0.1.jar
7f9ba586d000-7f9ba587b000 r--s 00081000 08:15 19399754                   /home/cassio/.m2/repository/org/bouncycastle/bcpkix-jdk15on/1.48/bcpkix-jdk15on-1.48.jar
7f9ba587b000-7f9ba58ae000 r--s 00203000 08:15 19399745                   /home/cassio/.m2/repository/org/bouncycastle/bcprov-jdk15on/1.48/bcprov-jdk15on-1.48.jar
7f9ba58ae000-7f9ba58bd000 r--s 001b7000 08:15 19530598                   /home/cassio/.m2/repository/org/seleniumhq/selenium/selenium-server/2.45.0/selenium-server-2.45.0.jar
7f9ba58bd000-7f9ba58bf000 r--s 0000b000 08:15 19398811                   /home/cassio/.m2/repository/org/apache/commons/commons-exec/1.1/commons-exec-1.1.jar
7f9ba58bf000-7f9ba58ea000 r--s 001fc000 08:15 19661211                   /home/cassio/.m2/repository/com/google/guava/guava/18.0/guava-18.0.jar
7f9ba58ea000-7f9ba58ef000 r--s 0001d000 08:15 19530504                   /home/cassio/.m2/repository/org/seleniumhq/selenium/selenium-api/2.45.0/selenium-api-2.45.0.jar
7f9ba58ef000-7f9ba58f6000 r--s 00049000 08:15 19661861                   /home/cassio/.m2/repository/cglib/cglib-nodep/2.1_3/cglib-nodep-2.1_3.jar
7f9ba58f6000-7f9ba58fc000 r--s 00033000 08:15 19530488                   /home/cassio/.m2/repository/org/seleniumhq/selenium/selenium-remote-driver/2.45.0/selenium-remote-driver-2.45.0.jar
7f9ba58fc000-7f9ba58fe000 r--s 00282000 08:15 19530538                   /home/cassio/.m2/repository/org/seleniumhq/selenium/selenium-firefox-driver/2.45.0/selenium-firefox-driver-2.45.0.jar
7f9ba58fe000-7f9ba5904000 r--s 0005e000 08:15 19530626                   /home/cassio/.m2/repository/org/seleniumhq/selenium/selenium-leg-rc/2.45.0/selenium-leg-rc-2.45.0.jar
7f9ba5904000-7f9ba5919000 r--s 000fd000 08:15 19661926                   /home/cassio/.m2/repository/io/netty/netty/3.5.2.Final/netty-3.5.2.Final.jar
7f9ba5919000-7f9ba591e000 r--s 00024000 08:15 19530656                   /home/cassio/.m2/repository/org/webbitserver/webbit/0.4.14/webbit-0.4.14.jar
7f9ba591e000-7f9ba5923000 r--s 0001d000 08:15 19530589                   /home/cassio/.m2/repository/org/seleniumhq/selenium/selenium-support/2.45.0/selenium-support-2.45.0.jar
7f9ba5923000-7f9ba5925000 r--s 00049000 08:15 19530572                   /home/cassio/.m2/repository/org/seleniumhq/selenium/selenium-safari-driver/2.45.0/selenium-safari-driver-2.45.0.jar
7f9ba5925000-7f9ba5930000 r--s 000d5000 08:15 19531917                   /home/cassio/.m2/repository/net/java/dev/jna/platform/3.4.0/platform-3.4.0.jar
7f9ba5930000-7f9ba5934000 r--s 000f3000 08:15 19531908                   /home/cassio/.m2/repository/net/java/dev/jna/jna/3.4.0/jna-3.4.0.jar
7f9ba5934000-7f9ba5935000 r--s 00002000 08:15 19530555                   /home/cassio/.m2/repository/org/seleniumhq/selenium/selenium-ie-driver/2.45.0/selenium-ie-driver-2.45.0.jar
7f9ba5935000-7f9ba593c000 r--s 0003f000 08:15 19398950                   /home/cassio/.m2/repository/org/apache/httpcomponents/httpcore/4.3.3/httpcore-4.3.3.jar
7f9ba593c000-7f9ba5948000 r--s 00085000 08:15 19398874                   /home/cassio/.m2/repository/org/apache/httpcomponents/httpclient/4.3.6/httpclient-4.3.6.jar
7f9ba5948000-7f9ba594a000 r--s 00016000 08:15 19400158                   /home/cassio/.m2/repository/org/eclipse/jetty/jetty-http/8.1.15.v20140411/jetty-http-8.1.15.v20140411.jar
7f9ba594a000-7f9ba594c000 r--s 00018000 08:15 19400141                   /home/cassio/.m2/repository/org/eclipse/jetty/jetty-io/8.1.15.v20140411/jetty-io-8.1.15.v20140411.jar
7f9ba594c000-7f9ba5951000 r--s 00042000 08:15 19400124                   /home/cassio/.m2/repository/org/eclipse/jetty/jetty-util/8.1.15.v20140411/jetty-util-8.1.15.v20140411.jar
7f9ba5951000-7f9ba5954000 r--s 0001d000 08:15 19400086                   /home/cassio/.m2/repository/org/eclipse/jetty/jetty-websocket/8.1.15.v20140411/jetty-websocket-8.1.15.v20140411.jar
7f9ba5954000-7f9ba596d000 r--s 00135000 08:15 19662028                   /home/cassio/.m2/repository/xerces/xercesImpl/2.11.0/xercesImpl-2.11.0.jar
7f9ba596d000-7f9ba5992000 r--s 002e3000 08:15 19661900                   /home/cassio/.m2/repository/xalan/xalan/2.7.1/xalan-2.7.1.jar
7f9ba5992000-7f9ba5b92000 rw-p 00000000 00:00 0 
7f9ba5b92000-7f9ba5b93000 r--s 00004000 08:15 19530130                   /home/cassio/.m2/repository/org/codehaus/plexus/plexus-compiler-javac/2.2/plexus-compiler-javac-2.2.jar
7f9ba5b93000-7f9ba5b95000 r--s 00000000 08:15 19530109                   /home/cassio/.m2/repository/org/codehaus/plexus/plexus-compiler-manager/2.2/plexus-compiler-manager-2.2.jar
7f9ba5b95000-7f9ba5b96000 r--s 00003000 08:15 19530646                   /home/cassio/.m2/repository/org/w3c/css/sac/1.3/sac-1.3.jar
7f9ba5b96000-7f9ba5b9a000 r--s 00053000 08:15 19531989                   /home/cassio/.m2/repository/net/sourceforge/cssparser/cssparser/0.9.14/cssparser-0.9.14.jar
7f9ba5b9a000-7f9ba5b9d000 r--s 0001c000 08:15 19531971                   /home/cassio/.m2/repository/net/sourceforge/nekohtml/nekohtml/1.9.21/nekohtml-1.9.21.jar
7f9ba5b9d000-7f9ba5baa000 r--s 000ee000 08:15 19531953                   /home/cassio/.m2/repository/net/sourceforge/htmlunit/htmlunit-core-js/2.15/htmlunit-core-js-2.15.jar
7f9ba5baa000-7f9ba5bac000 r--s 00008000 08:15 19399009                   /home/cassio/.m2/repository/org/apache/httpcomponents/httpmime/4.3.3/httpmime-4.3.3.jar
7f9ba5bac000-7f9ba5baf000 r--s 00041000 08:15 19661915                   /home/cassio/.m2/repository/xalan/serializer/2.7.1/serializer-2.7.1.jar
7f9ba5baf000-7f9ba5bc8000 r--s 0014a000 08:15 19531936                   /home/cassio/.m2/repository/net/sourceforge/htmlunit/htmlunit/2.15/htmlunit-2.15.jar
7f9ba5bc8000-7f9ba5bca000 r--s 0000d000 08:15 19530516                   /home/cassio/.m2/repository/org/seleniumhq/selenium/selenium-htmlunit-driver/2.45.0/selenium-htmlunit-driver-2.45.0.jar
7f9ba5bca000-7f9ba5bcb000 r--s 00002000 08:15 19530470                   /home/cassio/.m2/repository/org/seleniumhq/selenium/selenium-chrome-driver/2.45.0/selenium-chrome-driver-2.45.0.jar
7f9ba5bcb000-7f9ba5bcc000 r--s 00000000 08:15 19530442                   /home/cassio/.m2/repository/org/seleniumhq/selenium/selenium-java/2.45.0/selenium-java-2.45.0.jar
7f9ba5bcc000-7f9ba5bf5000 r--s 002d3000 08:15 19530699                   /home/cassio/.m2/repository/org/glassfish/javax.faces/2.2.8/javax.faces-2.2.8.jar
7f9ba5bf5000-7f9ba5c02000 r--s 0009d000 08:15 19661394                   /home/cassio/.m2/repository/com/sun/faces/jsf-api/2.2.8/jsf-api-2.2.8.jar
7f9ba5c02000-7f9ba5c04000 r--s 0000f000 08:15 19661803                   /home/cassio/.m2/repository/commons-fileupload/commons-fileupload/1.3.1/commons-fileupload-1.3.1.jar
7f9ba5c04000-7f9ba5c07000 r--s 00013000 08:15 19662625                   /home/cassio/.m2/repository/commons-io/commons-io/1.3.2/commons-io-1.3.2.jar
7f9ba5c07000-7f9ba5c0e000 r--s 0005e000 08:15 19398836                   /home/cassio/.m2/repository/org/apache/commons/commons-lang3/3.3.2/commons-lang3-3.3.2.jar
7f9ba5c0e000-7f9ba5c17000 r--s 00058000 08:15 19661849                   /home/cassio/.m2/repository/taglibs/standard/1.1.2/standard-1.1.2.jar
7f9ba5c17000-7f9ba5c19000 r--s 00004000 08:15 19531780                   /home/cassio/.m2/repository/javax/servlet/jstl/1.1.2/jstl-1.1.2.jar
7f9ba5c19000-7f9ba5c1b000 r--s 00018000 08:15 19531789                   /home/cassio/.m2/repository/javax/servlet/servlet-api/2.5/servlet-api-2.5.jar
7f9ba5c1b000-7f9ba5c20000 r--s 0002a000 08:15 19661177                   /home/cassio/.m2/repository/com/google/code/gson/gson/2.2.4/gson-2.2.4.jar
7f9ba5c20000-7f9ba5c33000 r--s 00281000 08:15 19400257                   /home/cassio/.m2/repository/org/primefaces/extensions/primefaces-extensions/3.1.0/primefaces-extensions-3.1.0.jar
7f9ba5c33000-7f9ba5c47000 r--s 0013a000 08:15 19400652                   /home/cassio/.m2/repository/org/primefaces/themes/all-themes/1.0.10/all-themes-1.0.10.jar
7f9ba5c47000-7f9ba5c73000 r--s 00318000 08:15 27525929                   /home/cassio/.m2/repository/org/primefaces/primefaces/5.3/primefaces-5.3.jar
7f9ba5c73000-7f9ba5c95000 r--s 00120000 08:15 19531742                   /home/cassio/.m2/repository/javax/javaee-web-api/7.0/javaee-web-api-7.0.jar
7f9ba5c95000-7f9ba5c97000 r--s 00004000 08:15 19399940                   /home/cassio/.m2/repository/org/eclipse/persistence/commonj.sdo/2.1.1/commonj.sdo-2.1.1.jar
7f9ba5c97000-7f9ba5c9d000 r--s 00022000 08:15 19399931                   /home/cassio/.m2/repository/org/eclipse/persistence/javax.persistence/2.1.0/javax.persistence-2.1.0.jar
7f9ba5c9d000-7f9ba5d19000 r--s 007c0000 08:15 19399916                   /home/cassio/.m2/repository/org/eclipse/persistence/eclipselink/2.5.2/eclipselink-2.5.2.jar
7f9ba5d19000-7f9ba5d21000 r--s 00097000 08:15 19400852                   /home/cassio/.m2/repository/org/postgresql/postgresql/9.4-1201-jdbc41/postgresql-9.4-1201-jdbc41.jar
7f9ba5d21000-7f9ba5d9a000 r--s 010e3000 08:01 3539817                    /usr/lib/jvm/java-8-oracle/lib/tools.jar
7f9ba5d9a000-7f9ba5d9d000 r--s 0001b000 08:15 19531713                   /home/cassio/.m2/repository/junit/junit/3.8.2/junit-3.8.2.jar
7f9ba5d9d000-7f9ba5dab000 r--s 0008f000 08:15 19661153                   /home/cassio/.m2/repository/com/google/collections/google-collections/1.0/google-collections-1.0.jar
7f9ba5dab000-7f9ba5dac000 r--s 0000a000 08:15 19660998                   /home/cassio/.m2/repository/commons-logging/commons-logging-api/1.1/commons-logging-api-1.1.jar
7f9ba5dac000-7f9ba5db3000 r--s 00051000 08:15 19661123                   /home/cassio/.m2/repository/log4j/log4j/1.2.12/log4j-1.2.12.jar
7f9ba5db3000-7f9ba5db7000 r--s 0001d000 08:15 19398851                   /home/cassio/.m2/repository/org/apache/xbean/xbean-reflect/3.4/xbean-reflect-3.4.jar
7f9ba5db7000-7f9ba5db9000 r--s 00005000 08:15 19530074                   /home/cassio/.m2/repository/org/codehaus/plexus/plexus-compiler-api/2.2/plexus-compiler-api-2.2.jar
7f9ba5db9000-7f9ba5dbb000 r--s 00002000 08:15 19269502                   /home/cassio/.m2/repository/org/apache/maven/shared/maven-shared-incremental/1.1/maven-shared-incremental-1.1.jar
7f9ba5dbb000-7f9ba5dbd000 r--s 00006000 08:15 19661167                   /home/cassio/.m2/repository/com/google/code/findbugs/jsr305/2.0.1/jsr305-2.0.1.jar
7f9ba5dbd000-7f9ba5dc0000 r--s 00023000 08:15 19269489                   /home/cassio/.m2/repository/org/apache/maven/shared/maven-shared-utils/0.1/maven-shared-utils-0.1.jar
7f9ba5dc0000-7f9ba5dc4000 r--s 00030000 08:15 19400909                   /home/cassio/.m2/repository/org/codehaus/plexus/plexus-utils/1.5.1/plexus-utils-1.5.1.jar
7f9ba5dc4000-7f9ba5dc6000 r--s 00009000 08:15 19268097                   /home/cassio/.m2/repository/org/apache/maven/plugins/maven-compiler-plugin/3.1/maven-compiler-plugin-3.1.jar
7f9ba5dc6000-7f9ba5dc8000 r--s 0000d000 08:15 19530041                   /home/cassio/.m2/repository/org/codehaus/plexus/plexus-interpolation/1.13/plexus-interpolation-1.13.jar
7f9ba5dc8000-7f9ba5dc9000 r--s 00001000 08:15 19400717                   /home/cassio/.m2/repository/org/sonatype/plexus/plexus-build-api/0.0.4/plexus-build-api-0.0.4.jar
7f9ba5dc9000-7f9ba5dcb000 r--s 00009000 08:15 19269462                   /home/cassio/.m2/repository/org/apache/maven/shared/maven-filtering/1.0/maven-filtering-1.0.jar
7f9ba5dcb000-7f9ba5dcf000 r--s 00033000 08:15 19400990                   /home/cassio/.m2/repository/org/codehaus/plexus/plexus-utils/2.0.5/plexus-utils-2.0.5.jar
7f9ba5dcf000-7f9ba5dd0000 r--s 00001000 08:15 19269026                   /home/cassio/.m2/repository/org/apache/maven/doxia/doxia-sink-api/1.0-alpha-7/doxia-sink-api-1.0-alpha-7.jar
7f9ba5dd0000-7f9ba5dd1000 r--s 00002000 08:15 19268945                   /home/cassio/.m2/repository/org/apache/maven/reporting/maven-reporting-api/2.0.6/maven-reporting-api-2.0.6.jar
7f9ba5dd1000-7f9ba5dd3000 r--s 00005000 08:15 19268090                   /home/cassio/.m2/repository/org/apache/maven/plugins/maven-resources-plugin/2.5/maven-resources-plugin-2.5.jar
7f9ba5dd3000-7f9ba5fd3000 rw-p 00000000 00:00 0 
7f9ba5fd3000-7f9ba5fd6000 r--s 00020000 08:15 19399811                   /home/cassio/.m2/repository/org/jacoco/org.jacoco.report/0.7.4.201502262128/org.jacoco.report-0.7.4.201502262128.jar
7f9ba5fd6000-7f9ba5fdb000 r--s 00058000 08:15 19399820                   /home/cassio/.m2/repository/org/ow2/asm/asm-debug-all/5.0.1/asm-debug-all-5.0.1.jar
7f9ba5fdb000-7f9ba5fdf000 r--s 0001e000 08:15 19399804                   /home/cassio/.m2/repository/org/jacoco/org.jacoco.core/0.7.4.201502262128/org.jacoco.core-0.7.4.201502262128.jar
7f9ba5fdf000-7f9ba5fe5000 r--s 00042000 08:15 19399797                   /home/cassio/.m2/repository/org/jacoco/org.jacoco.agent/0.7.4.201502262128/org.jacoco.agent-0.7.4.201502262128-runtime.jar
7f9ba5fe5000-7f9ba5ff2000 r--s 0007f000 08:15 19660817                   /home/cassio/.m2/repository/commons-collections/commons-collections/3.2/commons-collections-3.2.jar
7f9ba5ff2000-7f9ba5ff4000 r--s 00008000 08:15 19269222                   /home/cassio/.m2/repository/org/apache/maven/doxia/doxia-module-fml/1.1.2/doxia-module-fml-1.1.2.jar
7f9ba5ff4000-7f9ba5ff5000 r--s 00003000 08:15 19269260                   /home/cassio/.m2/repository/org/apache/maven/doxia/doxia-module-xhtml/1.1.2/doxia-module-xhtml-1.1.2.jar
7f9ba5ff5000-7f9ba5ff7000 r--s 0000b000 08:15 19269167                   /home/cassio/.m2/repository/org/apache/maven/doxia/doxia-decoration-model/1.1.2/doxia-decoration-model-1.1.2.jar
7f9ba5ff7000-7f9ba5ff9000 r--s 0000b000 08:15 19269125                   /home/cassio/.m2/repository/org/apache/maven/doxia/doxia-site-renderer/1.1.2/doxia-site-renderer-1.1.2.jar
7f9ba5ff9000-7f9ba5ffb000 r--s 00006000 08:15 19661884                   /home/cassio/.m2/repository/commons-codec/commons-codec/1.2/commons-codec-1.2.jar
7f9ba5ffb000-7f9ba6001000 r--s 00045000 08:15 19531693                   /home/cassio/.m2/repository/commons-httpclient/commons-httpclient/3.1/commons-httpclient-3.1.jar
7f9ba6001000-7f9ba6005000 r--s 0003c000 08:15 19660854                   /home/cassio/.m2/repository/commons-lang/commons-lang/2.4/commons-lang-2.4.jar
7f9ba6005000-7f9ba601c000 r--s 00112000 08:15 19662033                   /home/cassio/.m2/repository/xerces/xercesImpl/2.8.1/xercesImpl-2.8.1.jar
7f9ba601c000-7f9ba6020000 r--s 00023000 08:15 19269100                   /home/cassio/.m2/repository/org/apache/maven/doxia/doxia-core/1.1.2/doxia-core-1.1.2.jar
7f9ba6020000-7f9ba6022000 r--s 00003000 08:15 19268995                   /home/cassio/.m2/repository/org/apache/maven/reporting/maven-reporting-impl/2.1/maven-reporting-impl-2.1.jar
7f9ba6022000-7f9ba6023000 r--s 00002000 08:15 19269279                   /home/cassio/.m2/repository/org/apache/maven/doxia/doxia-logging-api/1.1/doxia-logging-api-1.1.jar
7f9ba6023000-7f9ba6025000 r--s 00002000 08:15 19269036                   /home/cassio/.m2/repository/org/apache/maven/doxia/doxia-sink-api/1.1/doxia-sink-api-1.1.jar
7f9ba6025000-7f9ba6026000 r--s 00002000 08:15 19268951                   /home/cassio/.m2/repository/org/apache/maven/reporting/maven-reporting-api/2.2.1/maven-reporting-api-2.2.1.jar
7f9ba6026000-7f9ba602b000 r--s 00039000 08:15 19400966                   /home/cassio/.m2/repository/org/codehaus/plexus/plexus-utils/1.5.6/plexus-utils-1.5.6.jar
7f9ba602b000-7f9ba6031000 r--s 00034000 08:15 19531727                   /home/cassio/.m2/repository/junit/junit/4.8.2/junit-4.8.2.jar
7f9ba6031000-7f9ba6033000 r--s 0000b000 08:15 19530031                   /home/cassio/.m2/repository/org/codehaus/plexus/plexus-interpolation/1.11/plexus-interpolation-1.11.jar
7f9ba6033000-7f9ba603b000 r--s 00049000 08:15 19661115                   /home/cassio/.m2/repository/backport-util-concurrent/backport-util-concurrent/3.1/backport-util-concurrent-3.1.jar
7f9ba603b000-7f9ba603e000 r--s 0001a000 08:01 4197101                    /usr/lib/jvm/java-8-oracle/jre/lib/jce.jar
7f9ba603e000-7f9ba6040000 r--s 0000b000 08:15 19399785                   /home/cassio/.m2/repository/org/jacoco/jacoco-maven-plugin/0.7.4.201502262128/jacoco-maven-plugin-0.7.4.201502262128.jar
7f9ba6040000-7f9ba604e000 r--s 0007f000 08:15 19660834                   /home/cassio/.m2/repository/commons-collections/commons-collections/3.2.1/commons-collections-3.2.1.jar
7f9ba604e000-7f9ba6053000 r--s 00041000 08:15 19660848                   /home/cassio/.m2/repository/commons-lang/commons-lang/2.6/commons-lang-2.6.jar
7f9ba6053000-7f9ba6055000 r--s 00006000 08:15 19269449                   /home/cassio/.m2/repository/org/apache/maven/shared/maven-invoker/2.0.11/maven-invoker-2.0.11.jar
7f9ba6055000-7f9ba6057000 r--s 00006000 08:15 19269436                   /home/cassio/.m2/repository/org/apache/maven/shared/maven-common-artifact-filters/1.4/maven-common-artifact-filters-1.4.jar
7f9ba6057000-7f9ba6059000 r--s 0000c000 08:15 19269429                   /home/cassio/.m2/repository/org/apache/maven/shared/maven-dependency-tree/2.0/maven-dependency-tree-2.0.jar
7f9ba6059000-7f9ba605b000 r--s 00000000 08:15 19530020                   /home/cassio/.m2/repository/org/codehaus/plexus/plexus-component-annotations/1.5.5/plexus-component-annotations-1.5.5.jar
7f9ba605b000-7f9ba605c000 r--s 0000a000 08:15 19661064                   /home/cassio/.m2/repository/asm/asm/3.3.1/asm-3.3.1.jar
7f9ba605c000-7f9ba605e000 r--s 00005000 08:15 19269422                   /home/cassio/.m2/repository/org/apache/maven/shared/maven-dependency-analyzer/1.3/maven-dependency-analyzer-1.3.jar
7f9ba605e000-7f9ba6061000 r--s 0000c000 08:15 19529967                   /home/cassio/.m2/repository/org/codehaus/plexus/plexus-io/2.0.6/plexus-io-2.0.6.jar
7f9ba6061000-7f9ba6064000 r--s 0001b000 08:15 19531707                   /home/cassio/.m2/repository/junit/junit/3.8.1/junit-3.8.1.jar
7f9ba6064000-7f9ba6066000 r--s 00008000 08:15 19269415                   /home/cassio/.m2/repository/org/apache/maven/shared/maven-shared-io/1.1/maven-shared-io-1.1.jar
7f9ba6066000-7f9ba6068000 r--s 00008000 08:15 19269408                   /home/cassio/.m2/repository/org/apache/maven/shared/file-management/1.2.1/file-management-1.2.1.jar
7f9ba6068000-7f9ba606c000 r--s 00035000 08:15 19400952                   /home/cassio/.m2/repository/org/codehaus/plexus/plexus-utils/3.0.9/plexus-utils-3.0.9.jar
7f9ba606c000-7f9ba6071000 r--s 00029000 08:15 19529916                   /home/cassio/.m2/repository/org/codehaus/plexus/plexus-archiver/2.2/plexus-archiver-2.2.jar
7f9ba6071000-7f9ba6073000 r--s 00004000 08:15 19269254                   /home/cassio/.m2/repository/org/apache/maven/doxia/doxia-module-xhtml/1.0/doxia-module-xhtml-1.0.jar
7f9ba6073000-7f9ba6074000 r--s 00006000 08:15 19269241                   /home/cassio/.m2/repository/org/apache/maven/doxia/doxia-module-xdoc/1.0/doxia-module-xdoc-1.0.jar
7f9ba6074000-7f9ba6075000 r--s 00004000 08:15 19269216                   /home/cassio/.m2/repository/org/apache/maven/doxia/doxia-module-fml/1.0/doxia-module-fml-1.0.jar
7f9ba6075000-7f9ba6077000 r--s 0000a000 08:15 19269186                   /home/cassio/.m2/repository/org/apache/maven/doxia/doxia-module-apt/1.0/doxia-module-apt-1.0.jar
7f9ba6077000-7f9ba6078000 r--s 0000b000 08:15 19269161                   /home/cassio/.m2/repository/org/apache/maven/doxia/doxia-decoration-model/1.0/doxia-decoration-model-1.0.jar
7f9ba6078000-7f9ba6080000 r--s 00058000 08:15 19398700                   /home/cassio/.m2/repository/org/apache/velocity/velocity/1.5/velocity-1.5.jar
7f9ba6080000-7f9ba6081000 r--s 00001000 08:15 19529903                   /home/cassio/.m2/repository/org/codehaus/plexus/plexus-velocity/1.1.7/plexus-velocity-1.1.7.jar
7f9ba6081000-7f9ba6082000 r--s 00002000 08:15 19529846                   /home/cassio/.m2/repository/org/codehaus/plexus/plexus-i18n/1.0-beta-7/plexus-i18n-1.0-beta-7.jar
7f9ba6082000-7f9ba6084000 r--s 0000a000 08:15 19269119                   /home/cassio/.m2/repository/org/apache/maven/doxia/doxia-site-renderer/1.0/doxia-site-renderer-1.0.jar
7f9ba6084000-7f9ba6085000 r--s 00002000 08:15 19269020                   /home/cassio/.m2/repository/org/apache/maven/doxia/doxia-sink-api/1.0/doxia-sink-api-1.0.jar
7f9ba6085000-7f9ba608a000 r--s 00016000 08:15 19661026                   /home/cassio/.m2/repository/xml-apis/xml-apis/1.0.b2/xml-apis-1.0.b2.jar
7f9ba608a000-7f9ba608c000 r--s 0000e000 08:15 19660868                   /home/cassio/.m2/repository/oro/oro/2.0.8/oro-2.0.8.jar
7f9ba608c000-7f9ba608e000 r--s 00008000 08:15 19660963                   /home/cassio/.m2/repository/commons-logging/commons-logging/1.0.4/commons-logging-1.0.4.jar
7f9ba608e000-7f9ba6092000 r--s 00026000 08:15 19661006                   /home/cassio/.m2/repository/commons-digester/commons-digester/1.6/commons-digester-1.6.jar
7f9ba6092000-7f9ba6097000 r--s 0002a000 08:15 19660914                   /home/cassio/.m2/repository/commons-beanutils/commons-beanutils/1.7.0/commons-beanutils-1.7.0.jar
7f9ba6097000-7f9ba609a000 r--s 00014000 08:15 19660900                   /home/cassio/.m2/repository/commons-validator/commons-validator/1.2.0/commons-validator-1.2.0.jar
7f9ba609a000-7f9ba609d000 r--s 00018000 08:15 19660876                   /home/cassio/.m2/repository/commons-io/commons-io/1.4/commons-io-1.4.jar
7f9ba609d000-7f9ba609f000 r--s 00009000 08:15 19269395                   /home/cassio/.m2/repository/org/apache/maven/shared/maven-doxia-tools/1.0.2/maven-doxia-tools-1.0.2.jar
7f9ba609f000-7f9ba60a2000 r--s 0000b000 08:15 19269094                   /home/cassio/.m2/repository/org/apache/maven/doxia/doxia-core/1.0/doxia-core-1.0.jar
7f9ba60a2000-7f9ba60a4000 r--s 00004000 08:15 19268989                   /home/cassio/.m2/repository/org/apache/maven/reporting/maven-reporting-impl/2.0.5/maven-reporting-impl-2.0.5.jar
7f9ba60a4000-7f9ba60a5000 r--s 00002000 08:15 19268939                   /home/cassio/.m2/repository/org/apache/maven/reporting/maven-reporting-api/3.0/maven-reporting-api-3.0.jar
7f9ba60a5000-7f9ba60a7000 r--s 00002000 08:15 19529816                   /home/cassio/.m2/repository/org/codehaus/plexus/plexus-interactivity-api/1.0-alpha-4/plexus-interactivity-api-1.0-alpha-4.jar
7f9ba60a7000-7f9ba60a9000 r--s 00006000 08:15 19532120                   /home/cassio/.m2/repository/commons-cli/commons-cli/1.0/commons-cli-1.0.jar
7f9ba60a9000-7f9ba60ac000 r--s 00021000 08:15 19268127                   /home/cassio/.m2/repository/org/apache/maven/plugins/maven-dependency-plugin/2.6/maven-dependency-plugin-2.6.jar
7f9ba60ac000-7f9ba62ac000 rw-p 00000000 00:00 0 
7f9ba62ac000-7f9ba62bd000 r-xp 00000000 08:01 4196990                    /usr/lib/jvm/java-8-oracle/jre/lib/amd64/libnio.so
7f9ba62bd000-7f9ba64bc000 ---p 00011000 08:01 4196990                    /usr/lib/jvm/java-8-oracle/jre/lib/amd64/libnio.so
7f9ba64bc000-7f9ba64bd000 rw-p 00010000 08:01 4196990                    /usr/lib/jvm/java-8-oracle/jre/lib/amd64/libnio.so
7f9ba64bd000-7f9ba67be000 rw-p 00000000 00:00 0 
7f9ba67be000-7f9ba67d4000 r-xp 00000000 08:01 4196844                    /usr/lib/jvm/java-8-oracle/jre/lib/amd64/libnet.so
7f9ba67d4000-7f9ba69d4000 ---p 00016000 08:01 4196844                    /usr/lib/jvm/java-8-oracle/jre/lib/amd64/libnet.so
7f9ba69d4000-7f9ba69d5000 rw-p 00016000 08:01 4196844                    /usr/lib/jvm/java-8-oracle/jre/lib/amd64/libnet.so
7f9ba69d5000-7f9ba69d8000 ---p 00000000 00:00 0 
7f9ba69d8000-7f9ba6c0e000 rw-p 00000000 00:00 0 
7f9ba6c0e000-7f9ba6e0e000 rw-p 00000000 00:00 0 
7f9ba6e0e000-7f9ba6e18000 r--s 00116000 08:01 4490212                    /usr/lib/jvm/java-8-oracle/jre/lib/ext/localedata.jar
7f9ba6e18000-7f9ba6e19000 ---p 00000000 00:00 0 
7f9ba6e19000-7f9ba6f19000 rw-p 00000000 00:00 0 
7f9ba6f19000-7f9ba6f1c000 ---p 00000000 00:00 0 
7f9ba6f1c000-7f9ba701a000 rw-p 00000000 00:00 0 
7f9ba701a000-7f9ba701d000 ---p 00000000 00:00 0 
7f9ba701d000-7f9ba711b000 rw-p 00000000 00:00 0 
7f9ba711b000-7f9ba711e000 ---p 00000000 00:00 0 
7f9ba711e000-7f9ba721c000 rw-p 00000000 00:00 0 
7f9ba721c000-7f9ba721f000 ---p 00000000 00:00 0 
7f9ba721f000-7f9ba731d000 rw-p 00000000 00:00 0 
7f9ba731d000-7f9ba7320000 ---p 00000000 00:00 0 
7f9ba7320000-7f9ba741e000 rw-p 00000000 00:00 0 
7f9ba741e000-7f9ba76f7000 r--p 00000000 08:01 3415918                    /usr/lib/locale/locale-archive
7f9ba76f7000-7f9ba76fa000 ---p 00000000 00:00 0 
7f9ba76fa000-7f9ba77f8000 rw-p 00000000 00:00 0 
7f9ba77f8000-7f9ba77fb000 ---p 00000000 00:00 0 
7f9ba77fb000-7f9ba78f9000 rw-p 00000000 00:00 0 
7f9ba78f9000-7f9ba78fa000 ---p 00000000 00:00 0 
7f9ba78fa000-7f9ba8000000 rw-p 00000000 00:00 0 
7f9ba8000000-7f9ba8021000 rw-p 00000000 00:00 0 
7f9ba8021000-7f9bac000000 ---p 00000000 00:00 0 
7f9bac000000-7f9bac001000 r--p 00000000 00:00 0 
7f9bac001000-7f9bac005000 r--s 00097000 08:01 4196314                    /usr/lib/jvm/java-8-oracle/jre/lib/jsse.jar
7f9bac005000-7f9bac007000 r--s 0000c000 08:01 4622573                    /usr/local/netbeans-8.1/java/maven-nblib/netbeans-eventspy.jar
7f9bac007000-7f9bac023000 r--s 00393000 08:01 4490205                    /usr/lib/jvm/java-8-oracle/jre/lib/ext/cldrdata.jar
7f9bac023000-7f9bac027000 r--s 00033000 08:01 4622576                    /usr/local/netbeans-8.1/java/maven/lib/plexus-utils-2.0.6.jar
7f9bac027000-7f9bac02f000 r--s 00050000 08:01 4622536                    /usr/local/netbeans-8.1/java/maven/lib/sisu-guice-3.1.0-no_aop.jar
7f9bac02f000-7f9bac031000 r--s 0000c000 08:01 4622467                    /usr/local/netbeans-8.1/java/maven/lib/maven-aether-provider-3.0.5.jar
7f9bac031000-7f9bac050000 r--s 00154000 08:01 4622591                    /usr/local/netbeans-8.1/java/maven/lib/sisu-guava-0.9.9.jar
7f9bac050000-7f9bac052000 r--s 0000d000 08:01 4622506                    /usr/local/netbeans-8.1/java/maven/lib/plexus-interpolation-1.14.jar
7f9bac052000-7f9bac053000 r--s 00003000 08:01 4622585                    /usr/local/netbeans-8.1/java/maven/lib/aether-spi-1.13.1.jar
7f9bac053000-7f9bac057000 r--s 0001c000 08:01 4622578                    /usr/local/netbeans-8.1/java/maven/lib/aether-util-1.13.1.jar
7f9bac057000-7f9bac063000 r--s 0007d000 08:01 4622590                    /usr/local/netbeans-8.1/java/maven/lib/maven-core-3.0.5.jar
7f9bac063000-7f9bac067000 r--s 00013000 08:01 4622584                    /usr/local/netbeans-8.1/java/maven/lib/aether-api-1.13.1.jar
7f9bac067000-7f9bac06b000 r--s 00021000 08:01 4622502                    /usr/local/netbeans-8.1/java/maven/lib/maven-model-builder-3.0.5.jar
7f9bac06b000-7f9bac06e000 r--s 0001d000 08:01 4622577                    /usr/local/netbeans-8.1/java/maven/lib/aether-impl-1.13.1.jar
7f9bac06e000-7f9bac070000 r--s 00026000 08:01 4622582                    /usr/local/netbeans-8.1/java/maven/lib/maven-model-3.0.5.jar
7f9bac070000-7f9bac09e000 r--s 001c9000 08:01 4622505                    /usr/local/netbeans-8.1/java/maven/lib/ext/wagon-http-2.8-shaded.jar
7f9bac09e000-7f9bb0000000 rw-p 00000000 00:00 0 
7f9bb0000000-7f9bb0021000 rw-p 00000000 00:00 0 
7f9bb0021000-7f9bb4000000 ---p 00000000 00:00 0 
7f9bb4000000-7f9bb4002000 r--s 0000b000 08:01 4622549                    /usr/local/netbeans-8.1/java/maven/lib/maven-plugin-api-3.0.5.jar
7f9bb4002000-7f9bb4004000 r--s 00009000 08:01 4622593                    /usr/local/netbeans-8.1/java/maven/lib/commons-cli-1.2.jar
7f9bb4004000-7f9bb4006000 r--s 00000000 08:01 4622233                    /usr/local/netbeans-8.1/java/maven/lib/plexus-component-annotations-1.5.5.jar
7f9bb4006000-7f9bb4008000 r--s 0000b000 08:01 4622563                    /usr/local/netbeans-8.1/java/maven/lib/maven-artifact-3.0.5.jar
7f9bb4008000-7f9bb4009000 r--s 00002000 08:01 4622595                    /usr/local/netbeans-8.1/java/maven/lib/wagon-file-2.4.jar
7f9bb4009000-7f9bb400b000 r--s 0000a000 08:01 4622565                    /usr/local/netbeans-8.1/java/maven/lib/maven-settings-3.0.5.jar
7f9bb400b000-7f9bb4026000 r--s 000e4000 08:01 4622558                    /usr/local/netbeans-8.1/java/maven/lib/wagon-http-2.4-shaded.jar
7f9bb4026000-7f9bb5000000 rw-p 00000000 00:00 0 
7f9bb5000000-7f9bb60a0000 rwxp 00000000 00:00 0 
7f9bb60a0000-7f9bc4000000 ---p 00000000 00:00 0 
7f9bc4000000-7f9bc54d2000 rw-p 00000000 00:00 0 
7f9bc54d2000-7f9bc8000000 ---p 00000000 00:00 0 
7f9bc8000000-7f9bc81d8000 r--s 03d1e000 08:01 4196309                    /usr/lib/jvm/java-8-oracle/jre/lib/rt.jar
7f9bc81d8000-7f9bc8624000 rw-p 00000000 00:00 0 
7f9bc8624000-7f9bc8625000 ---p 00000000 00:00 0 
7f9bc8625000-7f9bc8725000 rw-p 00000000 00:00 0 
7f9bc8725000-7f9bc8726000 ---p 00000000 00:00 0 
7f9bc8726000-7f9bc8826000 rw-p 00000000 00:00 0 
7f9bc8826000-7f9bc8827000 ---p 00000000 00:00 0 
7f9bc8827000-7f9bc8927000 rw-p 00000000 00:00 0 
7f9bc8927000-7f9bc8928000 ---p 00000000 00:00 0 
7f9bc8928000-7f9bc8a48000 rw-p 00000000 00:00 0 
7f9bc8a48000-7f9bc8cb7000 ---p 00000000 00:00 0 
7f9bc8cb7000-7f9bc8cd7000 rw-p 00000000 00:00 0 
7f9bc8cd7000-7f9bc8f45000 ---p 00000000 00:00 0 
7f9bc8f45000-7f9bc8fd0000 rw-p 00000000 00:00 0 
7f9bc8fd0000-7f9bc908d000 ---p 00000000 00:00 0 
7f9bc908d000-7f9bc90d1000 rw-p 00000000 00:00 0 
7f9bc90d1000-7f9bc944e000 ---p 00000000 00:00 0 
7f9bc944e000-7f9bc9468000 r-xp 00000000 08:01 4196836                    /usr/lib/jvm/java-8-oracle/jre/lib/amd64/libzip.so
7f9bc9468000-7f9bc9668000 ---p 0001a000 08:01 4196836                    /usr/lib/jvm/java-8-oracle/jre/lib/amd64/libzip.so
7f9bc9668000-7f9bc9669000 rw-p 0001a000 08:01 4196836                    /usr/lib/jvm/java-8-oracle/jre/lib/amd64/libzip.so
7f9bc9669000-7f9bc9674000 r-xp 00000000 08:01 655458                     /lib/x86_64-linux-gnu/libnss_files-2.23.so
7f9bc9674000-7f9bc9873000 ---p 0000b000 08:01 655458                     /lib/x86_64-linux-gnu/libnss_files-2.23.so
7f9bc9873000-7f9bc9874000 r--p 0000a000 08:01 655458                     /lib/x86_64-linux-gnu/libnss_files-2.23.so
7f9bc9874000-7f9bc9875000 rw-p 0000b000 08:01 655458                     /lib/x86_64-linux-gnu/libnss_files-2.23.so
7f9bc9875000-7f9bc987b000 rw-p 00000000 00:00 0 
7f9bc987b000-7f9bc9886000 r-xp 00000000 08:01 655455                     /lib/x86_64-linux-gnu/libnss_nis-2.23.so
7f9bc9886000-7f9bc9a85000 ---p 0000b000 08:01 655455                     /lib/x86_64-linux-gnu/libnss_nis-2.23.so
7f9bc9a85000-7f9bc9a86000 r--p 0000a000 08:01 655455                     /lib/x86_64-linux-gnu/libnss_nis-2.23.so
7f9bc9a86000-7f9bc9a87000 rw-p 0000b000 08:01 655455                     /lib/x86_64-linux-gnu/libnss_nis-2.23.so
7f9bc9a87000-7f9bc9a9d000 r-xp 00000000 08:01 655453                     /lib/x86_64-linux-gnu/libnsl-2.23.so
7f9bc9a9d000-7f9bc9c9c000 ---p 00016000 08:01 655453                     /lib/x86_64-linux-gnu/libnsl-2.23.so
7f9bc9c9c000-7f9bc9c9d000 r--p 00015000 08:01 655453                     /lib/x86_64-linux-gnu/libnsl-2.23.so
7f9bc9c9d000-7f9bc9c9e000 rw-p 00016000 08:01 655453                     /lib/x86_64-linux-gnu/libnsl-2.23.so
7f9bc9c9e000-7f9bc9ca0000 rw-p 00000000 00:00 0 
7f9bc9ca0000-7f9bc9ca8000 r-xp 00000000 08:01 655451                     /lib/x86_64-linux-gnu/libnss_compat-2.23.so
7f9bc9ca8000-7f9bc9ea7000 ---p 00008000 08:01 655451                     /lib/x86_64-linux-gnu/libnss_compat-2.23.so
7f9bc9ea7000-7f9bc9ea8000 r--p 00007000 08:01 655451                     /lib/x86_64-linux-gnu/libnss_compat-2.23.so
7f9bc9ea8000-7f9bc9ea9000 rw-p 00008000 08:01 655451                     /lib/x86_64-linux-gnu/libnss_compat-2.23.so
7f9bc9ea9000-7f9bc9ed3000 r-xp 00000000 08:01 4196710                    /usr/lib/jvm/java-8-oracle/jre/lib/amd64/libjava.so
7f9bc9ed3000-7f9bca0d3000 ---p 0002a000 08:01 4196710                    /usr/lib/jvm/java-8-oracle/jre/lib/amd64/libjava.so
7f9bca0d3000-7f9bca0d5000 rw-p 0002a000 08:01 4196710                    /usr/lib/jvm/java-8-oracle/jre/lib/amd64/libjava.so
7f9bca0d5000-7f9bca0e2000 r-xp 00000000 08:01 4196776                    /usr/lib/jvm/java-8-oracle/jre/lib/amd64/libverify.so
7f9bca0e2000-7f9bca2e2000 ---p 0000d000 08:01 4196776                    /usr/lib/jvm/java-8-oracle/jre/lib/amd64/libverify.so
7f9bca2e2000-7f9bca2e4000 rw-p 0000d000 08:01 4196776                    /usr/lib/jvm/java-8-oracle/jre/lib/amd64/libverify.so
7f9bca2e4000-7f9bca2eb000 r-xp 00000000 08:01 655704                     /lib/x86_64-linux-gnu/librt-2.23.so
7f9bca2eb000-7f9bca4ea000 ---p 00007000 08:01 655704                     /lib/x86_64-linux-gnu/librt-2.23.so
7f9bca4ea000-7f9bca4eb000 r--p 00006000 08:01 655704                     /lib/x86_64-linux-gnu/librt-2.23.so
7f9bca4eb000-7f9bca4ec000 rw-p 00007000 08:01 655704                     /lib/x86_64-linux-gnu/librt-2.23.so
7f9bca4ec000-7f9bca5f4000 r-xp 00000000 08:01 655701                     /lib/x86_64-linux-gnu/libm-2.23.so
7f9bca5f4000-7f9bca7f3000 ---p 00108000 08:01 655701                     /lib/x86_64-linux-gnu/libm-2.23.so
7f9bca7f3000-7f9bca7f4000 r--p 00107000 08:01 655701                     /lib/x86_64-linux-gnu/libm-2.23.so
7f9bca7f4000-7f9bca7f5000 rw-p 00108000 08:01 655701                     /lib/x86_64-linux-gnu/libm-2.23.so
7f9bca7f5000-7f9bcb4b4000 r-xp 00000000 08:01 4490303                    /usr/lib/jvm/java-8-oracle/jre/lib/amd64/server/libjvm.so
7f9bcb4b4000-7f9bcb6b3000 ---p 00cbf000 08:01 4490303                    /usr/lib/jvm/java-8-oracle/jre/lib/amd64/server/libjvm.so
7f9bcb6b3000-7f9bcb78c000 rw-p 00cbe000 08:01 4490303                    /usr/lib/jvm/java-8-oracle/jre/lib/amd64/server/libjvm.so
7f9bcb78c000-7f9bcb7d5000 rw-p 00000000 00:00 0 
7f9bcb7d5000-7f9bcb995000 r-xp 00000000 08:01 655709                     /lib/x86_64-linux-gnu/libc-2.23.so
7f9bcb995000-7f9bcbb94000 ---p 001c0000 08:01 655709                     /lib/x86_64-linux-gnu/libc-2.23.so
7f9bcbb94000-7f9bcbb98000 r--p 001bf000 08:01 655709                     /lib/x86_64-linux-gnu/libc-2.23.so
7f9bcbb98000-7f9bcbb9a000 rw-p 001c3000 08:01 655709                     /lib/x86_64-linux-gnu/libc-2.23.so
7f9bcbb9a000-7f9bcbb9e000 rw-p 00000000 00:00 0 
7f9bcbb9e000-7f9bcbba1000 r-xp 00000000 08:01 655710                     /lib/x86_64-linux-gnu/libdl-2.23.so
7f9bcbba1000-7f9bcbda0000 ---p 00003000 08:01 655710                     /lib/x86_64-linux-gnu/libdl-2.23.so
7f9bcbda0000-7f9bcbda1000 r--p 00002000 08:01 655710                     /lib/x86_64-linux-gnu/libdl-2.23.so
7f9bcbda1000-7f9bcbda2000 rw-p 00003000 08:01 655710                     /lib/x86_64-linux-gnu/libdl-2.23.so
7f9bcbda2000-7f9bcbdb7000 r-xp 00000000 08:01 3539824                    /usr/lib/jvm/java-8-oracle/lib/amd64/jli/libjli.so
7f9bcbdb7000-7f9bcbfb7000 ---p 00015000 08:01 3539824                    /usr/lib/jvm/java-8-oracle/lib/amd64/jli/libjli.so
7f9bcbfb7000-7f9bcbfb8000 rw-p 00015000 08:01 3539824                    /usr/lib/jvm/java-8-oracle/lib/amd64/jli/libjli.so
7f9bcbfb8000-7f9bcbfd0000 r-xp 00000000 08:01 655708                     /lib/x86_64-linux-gnu/libpthread-2.23.so
7f9bcbfd0000-7f9bcc1cf000 ---p 00018000 08:01 655708                     /lib/x86_64-linux-gnu/libpthread-2.23.so
7f9bcc1cf000-7f9bcc1d0000 r--p 00017000 08:01 655708                     /lib/x86_64-linux-gnu/libpthread-2.23.so
7f9bcc1d0000-7f9bcc1d1000 rw-p 00018000 08:01 655708                     /lib/x86_64-linux-gnu/libpthread-2.23.so
7f9bcc1d1000-7f9bcc1d5000 rw-p 00000000 00:00 0 
7f9bcc1d5000-7f9bcc1fb000 r-xp 00000000 08:01 655705                     /lib/x86_64-linux-gnu/ld-2.23.so
7f9bcc1fb000-7f9bcc1fc000 r--s 00006000 08:01 4622503                    /usr/local/netbeans-8.1/java/maven/lib/plexus-sec-dispatcher-1.3.jar
7f9bcc1fc000-7f9bcc1fe000 r--s 0000b000 08:01 4622548                    /usr/local/netbeans-8.1/java/maven/lib/wagon-provider-api-2.4.jar
7f9bcc1fe000-7f9bcc201000 r--s 00008000 08:01 4622449                    /usr/local/netbeans-8.1/java/maven/lib/maven-settings-builder-3.0.5.jar
7f9bcc201000-7f9bcc208000 r--s 0003f000 08:01 4622550                    /usr/local/netbeans-8.1/java/maven/lib/sisu-inject-bean-2.3.0.jar
7f9bcc208000-7f9bcc2d3000 rw-p 00000000 00:00 0 
7f9bcc2d3000-7f9bcc2d6000 ---p 00000000 00:00 0 
7f9bcc2d6000-7f9bcc3d8000 rw-p 00000000 00:00 0 
7f9bcc3d8000-7f9bcc3da000 r--s 00002000 08:01 4622583                    /usr/local/netbeans-8.1/java/maven/lib/plexus-cipher-1.7.jar
7f9bcc3da000-7f9bcc3dc000 r--s 00006000 08:01 4622420                    /usr/local/netbeans-8.1/java/maven/lib/aether-connector-wagon-1.13.1.jar
7f9bcc3dc000-7f9bcc3dd000 r--s 0000a000 08:01 4622564                    /usr/local/netbeans-8.1/java/maven/lib/maven-embedder-3.0.5.jar
7f9bcc3dd000-7f9bcc3e3000 r--s 0003f000 08:01 4622579                    /usr/local/netbeans-8.1/java/maven/lib/maven-compat-3.0.5.jar
7f9bcc3e3000-7f9bcc3e5000 r--s 00006000 08:01 4622354                    /usr/local/netbeans-8.1/java/maven/lib/maven-repository-metadata-3.0.5.jar
7f9bcc3e5000-7f9bcc3ec000 r--s 0002b000 08:01 4622525                    /usr/local/netbeans-8.1/java/maven/lib/sisu-inject-plexus-2.3.0.jar
7f9bcc3ec000-7f9bcc3ee000 r--s 0000a000 08:01 4622538                    /usr/local/netbeans-8.1/java/maven/boot/plexus-classworlds-2.4.jar
7f9bcc3ee000-7f9bcc3f6000 rw-s 00000000 08:01 534706                     /tmp/hsperfdata_cassio/29064
7f9bcc3f6000-7f9bcc3f7000 rw-p 00000000 00:00 0 
7f9bcc3f7000-7f9bcc3f8000 ---p 00000000 00:00 0 
7f9bcc3f8000-7f9bcc3fa000 rw-p 00000000 00:00 0 
7f9bcc3fa000-7f9bcc3fb000 r--p 00025000 08:01 655705                     /lib/x86_64-linux-gnu/ld-2.23.so
7f9bcc3fb000-7f9bcc3fc000 rw-p 00026000 08:01 655705                     /lib/x86_64-linux-gnu/ld-2.23.so
7f9bcc3fc000-7f9bcc3fd000 rw-p 00000000 00:00 0 
7ffc951f9000-7ffc9521a000 rw-p 00000000 00:00 0                          [stack]
7ffc9522c000-7ffc9522e000 r--p 00000000 00:00 0                          [vvar]
7ffc9522e000-7ffc95230000 r-xp 00000000 00:00 0                          [vdso]
ffffffffff600000-ffffffffff601000 r-xp 00000000 00:00 0                  [vsyscall]

VM Arguments:
jvm_args: -Dclassworlds.conf=/usr/local/netbeans-8.1/java/maven/bin/m2.conf -Dmaven.home=/usr/local/netbeans-8.1/java/maven 
java_command: org.codehaus.plexus.classworlds.launcher.Launcher -Dnetbeans.deploy=true -Dmaven.ext.class.path=/usr/local/netbeans-8.1/java/maven-nblib/netbeans-eventspy.jar package
java_class_path (initial): /usr/local/netbeans-8.1/java/maven/boot/plexus-classworlds-2.4.jar
Launcher Type: SUN_STANDARD

Environment Variables:
JAVA_HOME=/usr/lib/jvm/java-8-oracle
PATH=/usr/local/sbin:/usr/local/bin:/usr/sbin:/usr/bin:/sbin:/bin:/usr/games:/usr/local/games:/snap/bin
LD_LIBRARY_PATH=/usr/lib/jvm/java-8-oracle/jre/lib/amd64:/usr/lib/jvm/java-8-oracle/jre/lib/i386:
SHELL=/bin/bash
DISPLAY=:0

Signal Handlers:
SIGSEGV: [libjvm.so+0xabb070], sa_mask[0]=11111111011111111101111111111110, sa_flags=SA_RESTART|SA_SIGINFO
SIGBUS: [libjvm.so+0xabb070], sa_mask[0]=11111111011111111101111111111110, sa_flags=SA_RESTART|SA_SIGINFO
SIGFPE: [libjvm.so+0x918480], sa_mask[0]=11111111011111111101111111111110, sa_flags=SA_RESTART|SA_SIGINFO
SIGPIPE: [libjvm.so+0x918480], sa_mask[0]=11111111011111111101111111111110, sa_flags=SA_RESTART|SA_SIGINFO
SIGXFSZ: [libjvm.so+0x918480], sa_mask[0]=11111111011111111101111111111110, sa_flags=SA_RESTART|SA_SIGINFO
SIGILL: [libjvm.so+0x918480], sa_mask[0]=11111111011111111101111111111110, sa_flags=SA_RESTART|SA_SIGINFO
SIGUSR1: SIG_DFL, sa_mask[0]=00000000000000000000000000000000, sa_flags=none
SIGUSR2: [libjvm.so+0x919ab0], sa_mask[0]=00100000000000000000000000000000, sa_flags=SA_RESTART|SA_SIGINFO
SIGHUP: [libjvm.so+0x91aeb0], sa_mask[0]=11111111011111111101111111111110, sa_flags=SA_RESTART|SA_SIGINFO
SIGINT: SIG_IGN, sa_mask[0]=00000000000000000000000000000000, sa_flags=none
SIGTERM: [libjvm.so+0x91aeb0], sa_mask[0]=11111111011111111101111111111110, sa_flags=SA_RESTART|SA_SIGINFO
SIGQUIT: [libjvm.so+0x91aeb0], sa_mask[0]=11111111011111111101111111111110, sa_flags=SA_RESTART|SA_SIGINFO


---------------  S Y S T E M  ---------------

OS:DISTRIB_ID=Ubuntu
DISTRIB_RELEASE=16.04
DISTRIB_CODENAME=xenial
DISTRIB_DESCRIPTION="Ubuntu 16.04 LTS"

uname:Linux 4.4.0-18-generic #34-Ubuntu SMP Wed Apr 6 14:01:02 UTC 2016 x86_64
libc:glibc 2.23 NPTL 2.23 
rlimit: STACK 8192k, CORE 0k, NPROC 31245, NOFILE 65536, AS infinity
load average:5,31 3,00 1,74

/proc/meminfo:
MemTotal:        8037512 kB
MemFree:           52476 kB
MemAvailable:     212016 kB
Buffers:            2456 kB
Cached:           970396 kB
SwapCached:            0 kB
Active:          6854200 kB
Inactive:         842400 kB
Active(anon):    6790308 kB
Inactive(anon):   775480 kB
Active(file):      63892 kB
Inactive(file):    66920 kB
Unevictable:          64 kB
Mlocked:              64 kB
SwapTotal:             0 kB
SwapFree:              0 kB
Dirty:              2764 kB
Writeback:             0 kB
AnonPages:       6724300 kB
Mapped:           412552 kB
Shmem:            841620 kB
Slab:             123036 kB
SReclaimable:      70920 kB
SUnreclaim:        52116 kB
KernelStack:       17872 kB
PageTables:        81744 kB
NFS_Unstable:          0 kB
Bounce:                0 kB
WritebackTmp:          0 kB
CommitLimit:     4018756 kB
Committed_AS:   17372372 kB
VmallocTotal:   34359738367 kB
VmallocUsed:           0 kB
VmallocChunk:          0 kB
HardwareCorrupted:     0 kB
AnonHugePages:   1808384 kB
CmaTotal:              0 kB
CmaFree:               0 kB
HugePages_Total:       0
HugePages_Free:        0
HugePages_Rsvd:        0
HugePages_Surp:        0
Hugepagesize:       2048 kB
DirectMap4k:      220648 kB
DirectMap2M:     8030208 kB


CPU:total 4 (2 cores per cpu, 2 threads per core) family 6 model 58 stepping 9, cmov, cx8, fxsr, mmx, sse, sse2, sse3, ssse3, sse4.1, sse4.2, popcnt, avx, aes, clmul, erms, ht, tsc, tscinvbit, tscinv

/proc/cpuinfo:
processor	: 0
vendor_id	: GenuineIntel
cpu family	: 6
model		: 58
model name	: Intel(R) Core(TM) i5-3337U CPU @ 1.80GHz
stepping	: 9
microcode	: 0x1c
cpu MHz		: 2501.648
cache size	: 3072 KB
physical id	: 0
siblings	: 4
core id		: 0
cpu cores	: 2
apicid		: 0
initial apicid	: 0
fpu		: yes
fpu_exception	: yes
cpuid level	: 13
wp		: yes
flags		: fpu vme de pse tsc msr pae mce cx8 apic sep mtrr pge mca cmov pat pse36 clflush dts acpi mmx fxsr sse sse2 ss ht tm pbe syscall nx rdtscp lm constant_tsc arch_perfmon pebs bts rep_good nopl xtopology nonstop_tsc aperfmperf eagerfpu pni pclmulqdq dtes64 monitor ds_cpl vmx est tm2 ssse3 cx16 xtpr pdcm pcid sse4_1 sse4_2 x2apic popcnt tsc_deadline_timer aes xsave avx f16c rdrand lahf_lm epb tpr_shadow vnmi flexpriority ept vpid fsgsbase smep erms xsaveopt dtherm ida arat pln pts
bugs		:
bogomips	: 3591.59
clflush size	: 64
cache_alignment	: 64
address sizes	: 36 bits physical, 48 bits virtual
power management:

processor	: 1
vendor_id	: GenuineIntel
cpu family	: 6
model		: 58
model name	: Intel(R) Core(TM) i5-3337U CPU @ 1.80GHz
stepping	: 9
microcode	: 0x1c
cpu MHz		: 2499.609
cache size	: 3072 KB
physical id	: 0
siblings	: 4
core id		: 1
cpu cores	: 2
apicid		: 2
initial apicid	: 2
fpu		: yes
fpu_exception	: yes
cpuid level	: 13
wp		: yes
flags		: fpu vme de pse tsc msr pae mce cx8 apic sep mtrr pge mca cmov pat pse36 clflush dts acpi mmx fxsr sse sse2 ss ht tm pbe syscall nx rdtscp lm constant_tsc arch_perfmon pebs bts rep_good nopl xtopology nonstop_tsc aperfmperf eagerfpu pni pclmulqdq dtes64 monitor ds_cpl vmx est tm2 ssse3 cx16 xtpr pdcm pcid sse4_1 sse4_2 x2apic popcnt tsc_deadline_timer aes xsave avx f16c rdrand lahf_lm epb tpr_shadow vnmi flexpriority ept vpid fsgsbase smep erms xsaveopt dtherm ida arat pln pts
bugs		:
bogomips	: 3591.59
clflush size	: 64
cache_alignment	: 64
address sizes	: 36 bits physical, 48 bits virtual
power management:

processor	: 2
vendor_id	: GenuineIntel
cpu family	: 6
model		: 58
model name	: Intel(R) Core(TM) i5-3337U CPU @ 1.80GHz
stepping	: 9
microcode	: 0x1c
cpu MHz		: 2500.945
cache size	: 3072 KB
physical id	: 0
siblings	: 4
core id		: 0
cpu cores	: 2
apicid		: 1
initial apicid	: 1
fpu		: yes
fpu_exception	: yes
cpuid level	: 13
wp		: yes
flags		: fpu vme de pse tsc msr pae mce cx8 apic sep mtrr pge mca cmov pat pse36 clflush dts acpi mmx fxsr sse sse2 ss ht tm pbe syscall nx rdtscp lm constant_tsc arch_perfmon pebs bts rep_good nopl xtopology nonstop_tsc aperfmperf eagerfpu pni pclmulqdq dtes64 monitor ds_cpl vmx est tm2 ssse3 cx16 xtpr pdcm pcid sse4_1 sse4_2 x2apic popcnt tsc_deadline_timer aes xsave avx f16c rdrand lahf_lm epb tpr_shadow vnmi flexpriority ept vpid fsgsbase smep erms xsaveopt dtherm ida arat pln pts
bugs		:
bogomips	: 3591.59
clflush size	: 64
cache_alignment	: 64
address sizes	: 36 bits physical, 48 bits virtual
power management:

processor	: 3
vendor_id	: GenuineIntel
cpu family	: 6
model		: 58
model name	: Intel(R) Core(TM) i5-3337U CPU @ 1.80GHz
stepping	: 9
microcode	: 0x1c
cpu MHz		: 2499.960
cache size	: 3072 KB
physical id	: 0
siblings	: 4
core id		: 1
cpu cores	: 2
apicid		: 3
initial apicid	: 3
fpu		: yes
fpu_exception	: yes
cpuid level	: 13
wp		: yes
flags		: fpu vme de pse tsc msr pae mce cx8 apic sep mtrr pge mca cmov pat pse36 clflush dts acpi mmx fxsr sse sse2 ss ht tm pbe syscall nx rdtscp lm constant_tsc arch_perfmon pebs bts rep_good nopl xtopology nonstop_tsc aperfmperf eagerfpu pni pclmulqdq dtes64 monitor ds_cpl vmx est tm2 ssse3 cx16 xtpr pdcm pcid sse4_1 sse4_2 x2apic popcnt tsc_deadline_timer aes xsave avx f16c rdrand lahf_lm epb tpr_shadow vnmi flexpriority ept vpid fsgsbase smep erms xsaveopt dtherm ida arat pln pts
bugs		:
bogomips	: 3591.59
clflush size	: 64
cache_alignment	: 64
address sizes	: 36 bits physical, 48 bits virtual
power management:



Memory: 4k page, physical 8037512k(52476k free), swap 0k(0k free)

vm_info: Java HotSpot(TM) 64-Bit Server VM (25.77-b03) for linux-amd64 JRE (1.8.0_77-b03), built on Mar 20 2016 22:00:46 by "java_re" with gcc 4.3.0 20080428 (Red Hat 4.3.0-8)

time: Sat Apr 16 21:49:22 2016
elapsed time: 86 seconds (0d 0h 1m 26s)

